2018-01-17 10:38:17,130 INFO mqtt broker:54.179.158.64, port:1883 
2018-01-17 10:38:17,272 DEBUG Received CONNACK (0, 0)
2018-01-17 10:38:17,340 DEBUG Received SUBACK
2018-01-17 10:38:17,413 DEBUG Received SUBACK
2018-01-17 10:38:17,563 DEBUG Received SUBACK
2018-01-17 10:38:17,563 DEBUG Received SUBACK
2018-01-17 10:38:17,563 DEBUG Received SUBACK
2018-01-17 10:38:20,371 DEBUG Received PUBLISH (d0, q0, r0, m0), 'ddp/iot', ...  (602 bytes)
2018-01-17 10:38:20,372 ERROR str() takes at most 1 argument (2 given)
2018-01-17 10:38:25,088 DEBUG Received PUBLISH (d0, q0, r0, m0), 'ddp/iot', ...  (600 bytes)
2018-01-17 10:38:25,088 ERROR str() takes at most 1 argument (2 given)
2018-01-17 10:38:30,086 DEBUG Received PUBLISH (d0, q0, r0, m0), 'ddp/iot', ...  (603 bytes)
2018-01-17 10:38:30,087 ERROR str() takes at most 1 argument (2 given)
2018-01-17 10:38:35,087 DEBUG Received PUBLISH (d0, q0, r0, m0), 'ddp/iot', ...  (603 bytes)
2018-01-17 10:38:35,087 ERROR str() takes at most 1 argument (2 given)
2018-01-17 10:38:40,088 DEBUG Received PUBLISH (d0, q0, r0, m0), 'ddp/iot', ...  (600 bytes)
2018-01-17 10:38:40,088 ERROR str() takes at most 1 argument (2 given)
2018-01-17 10:38:45,089 DEBUG Received PUBLISH (d0, q0, r0, m0), 'ddp/iot', ...  (597 bytes)
2018-01-17 10:38:45,089 ERROR str() takes at most 1 argument (2 given)
2018-01-17 10:38:50,086 DEBUG Received PUBLISH (d0, q0, r0, m0), 'ddp/iot', ...  (600 bytes)
2018-01-17 10:38:50,086 ERROR str() takes at most 1 argument (2 given)
2018-01-17 10:38:55,091 DEBUG Received PUBLISH (d0, q0, r0, m0), 'ddp/iot', ...  (601 bytes)
2018-01-17 10:38:55,092 ERROR str() takes at most 1 argument (2 given)
2018-01-17 10:39:00,088 DEBUG Received PUBLISH (d0, q0, r0, m0), 'ddp/iot', ...  (602 bytes)
2018-01-17 10:39:00,088 ERROR str() takes at most 1 argument (2 given)
2018-01-17 10:39:05,086 DEBUG Received PUBLISH (d0, q0, r0, m0), 'ddp/iot', ...  (603 bytes)
2018-01-17 10:39:05,086 ERROR str() takes at most 1 argument (2 given)
2018-01-17 10:39:10,095 DEBUG Received PUBLISH (d0, q0, r0, m0), 'ddp/iot', ...  (601 bytes)
2018-01-17 10:39:10,095 ERROR str() takes at most 1 argument (2 given)
2018-01-17 10:39:15,090 DEBUG Received PUBLISH (d0, q0, r0, m0), 'ddp/iot', ...  (598 bytes)
2018-01-17 10:39:15,090 ERROR str() takes at most 1 argument (2 given)
2018-01-17 10:39:18,094 DEBUG Sending PINGREQ
2018-01-17 10:39:18,164 DEBUG Received PINGRESP
2018-01-17 10:39:20,093 DEBUG Received PUBLISH (d0, q0, r0, m0), 'ddp/iot', ...  (602 bytes)
2018-01-17 10:39:20,093 ERROR str() takes at most 1 argument (2 given)
2018-01-17 10:39:25,087 DEBUG Received PUBLISH (d0, q0, r0, m0), 'ddp/iot', ...  (601 bytes)
2018-01-17 10:39:25,088 ERROR str() takes at most 1 argument (2 given)
2018-01-17 10:39:30,087 DEBUG Received PUBLISH (d0, q0, r0, m0), 'ddp/iot', ...  (600 bytes)
2018-01-17 10:39:30,088 ERROR str() takes at most 1 argument (2 given)
2018-01-17 10:39:35,090 DEBUG Received PUBLISH (d0, q0, r0, m0), 'ddp/iot', ...  (604 bytes)
2018-01-17 10:39:35,091 ERROR str() takes at most 1 argument (2 given)
2018-01-17 10:39:40,086 DEBUG Received PUBLISH (d0, q0, r0, m0), 'ddp/iot', ...  (600 bytes)
2018-01-17 10:39:40,086 ERROR str() takes at most 1 argument (2 given)
2018-01-17 10:39:45,088 DEBUG Received PUBLISH (d0, q0, r0, m0), 'ddp/iot', ...  (602 bytes)
2018-01-17 10:39:45,088 ERROR str() takes at most 1 argument (2 given)
2018-01-17 10:39:50,098 DEBUG Received PUBLISH (d0, q0, r0, m0), 'ddp/iot', ...  (600 bytes)
2018-01-17 10:39:50,098 ERROR str() takes at most 1 argument (2 given)
2018-01-17 10:39:55,090 DEBUG Received PUBLISH (d0, q0, r0, m0), 'ddp/iot', ...  (603 bytes)
2018-01-17 10:39:55,090 ERROR str() takes at most 1 argument (2 given)
2018-01-17 10:40:00,086 DEBUG Received PUBLISH (d0, q0, r0, m0), 'ddp/iot', ...  (602 bytes)
2018-01-17 10:40:00,086 ERROR str() takes at most 1 argument (2 given)
2018-01-17 10:40:05,097 DEBUG Received PUBLISH (d0, q0, r0, m0), 'ddp/iot', ...  (599 bytes)
2018-01-17 10:40:05,097 ERROR str() takes at most 1 argument (2 given)
2018-01-17 10:40:10,088 DEBUG Received PUBLISH (d0, q0, r0, m0), 'ddp/iot', ...  (601 bytes)
2018-01-17 10:40:10,088 ERROR str() takes at most 1 argument (2 given)
2018-01-17 10:40:15,091 DEBUG Received PUBLISH (d0, q0, r0, m0), 'ddp/iot', ...  (601 bytes)
2018-01-17 10:40:15,091 ERROR str() takes at most 1 argument (2 given)
2018-01-17 10:40:19,096 DEBUG Sending PINGREQ
2018-01-17 10:40:19,167 DEBUG Received PINGRESP
2018-01-17 10:40:20,095 DEBUG Received PUBLISH (d0, q0, r0, m0), 'ddp/iot', ...  (601 bytes)
2018-01-17 10:40:20,095 ERROR str() takes at most 1 argument (2 given)
2018-01-17 10:40:25,100 DEBUG Received PUBLISH (d0, q0, r0, m0), 'ddp/iot', ...  (603 bytes)
2018-01-17 10:40:25,100 ERROR str() takes at most 1 argument (2 given)
2018-01-17 10:40:30,094 DEBUG Received PUBLISH (d0, q0, r0, m0), 'ddp/iot', ...  (602 bytes)
2018-01-17 10:40:30,095 ERROR str() takes at most 1 argument (2 given)
2018-01-17 10:40:35,087 DEBUG Received PUBLISH (d0, q0, r0, m0), 'ddp/iot', ...  (601 bytes)
2018-01-17 10:40:35,088 ERROR str() takes at most 1 argument (2 given)
2018-01-17 10:40:40,086 DEBUG Received PUBLISH (d0, q0, r0, m0), 'ddp/iot', ...  (600 bytes)
2018-01-17 10:40:40,087 ERROR str() takes at most 1 argument (2 given)
2018-01-17 10:40:45,095 DEBUG Received PUBLISH (d0, q0, r0, m0), 'ddp/iot', ...  (602 bytes)
2018-01-17 10:40:45,095 ERROR str() takes at most 1 argument (2 given)
2018-01-17 10:40:50,086 DEBUG Received PUBLISH (d0, q0, r0, m0), 'ddp/iot', ...  (597 bytes)
2018-01-17 10:40:50,086 ERROR str() takes at most 1 argument (2 given)
2018-01-17 10:40:55,094 DEBUG Received PUBLISH (d0, q0, r0, m0), 'ddp/iot', ...  (601 bytes)
2018-01-17 10:40:55,095 ERROR str() takes at most 1 argument (2 given)
2018-01-17 10:41:00,086 DEBUG Received PUBLISH (d0, q0, r0, m0), 'ddp/iot', ...  (603 bytes)
2018-01-17 10:41:00,087 ERROR str() takes at most 1 argument (2 given)
2018-01-17 10:41:05,087 DEBUG Received PUBLISH (d0, q0, r0, m0), 'ddp/iot', ...  (605 bytes)
2018-01-17 10:41:05,087 ERROR str() takes at most 1 argument (2 given)
2018-01-17 10:41:10,087 DEBUG Received PUBLISH (d0, q0, r0, m0), 'ddp/iot', ...  (600 bytes)
2018-01-17 10:41:10,088 ERROR str() takes at most 1 argument (2 given)
2018-01-17 10:41:15,087 DEBUG Received PUBLISH (d0, q0, r0, m0), 'ddp/iot', ...  (598 bytes)
2018-01-17 10:41:15,087 ERROR str() takes at most 1 argument (2 given)
2018-01-17 10:41:20,086 DEBUG Received PUBLISH (d0, q0, r0, m0), 'ddp/iot', ...  (601 bytes)
2018-01-17 10:41:20,087 ERROR str() takes at most 1 argument (2 given)
2018-01-17 10:41:20,087 DEBUG Sending PINGREQ
2018-01-17 10:41:20,153 DEBUG Received PINGRESP
2018-01-17 10:41:25,089 DEBUG Received PUBLISH (d0, q0, r0, m0), 'ddp/iot', ...  (598 bytes)
2018-01-17 10:41:25,089 ERROR str() takes at most 1 argument (2 given)
2018-01-17 10:41:30,094 DEBUG Received PUBLISH (d0, q0, r0, m0), 'ddp/iot', ...  (604 bytes)
2018-01-17 10:41:30,094 ERROR str() takes at most 1 argument (2 given)
2018-01-17 10:41:35,086 DEBUG Received PUBLISH (d0, q0, r0, m0), 'ddp/iot', ...  (600 bytes)
2018-01-17 10:41:35,086 ERROR str() takes at most 1 argument (2 given)
2018-01-17 10:41:40,086 DEBUG Received PUBLISH (d0, q0, r0, m0), 'ddp/iot', ...  (599 bytes)
2018-01-17 10:41:40,087 ERROR str() takes at most 1 argument (2 given)
2018-01-17 10:41:45,089 DEBUG Received PUBLISH (d0, q0, r0, m0), 'ddp/iot', ...  (601 bytes)
2018-01-17 10:41:45,089 ERROR str() takes at most 1 argument (2 given)
2018-01-17 10:41:50,092 DEBUG Received PUBLISH (d0, q0, r0, m0), 'ddp/iot', ...  (601 bytes)
2018-01-17 10:41:50,093 ERROR str() takes at most 1 argument (2 given)
2018-01-17 10:41:55,092 DEBUG Received PUBLISH (d0, q0, r0, m0), 'ddp/iot', ...  (601 bytes)
2018-01-17 10:41:55,092 ERROR str() takes at most 1 argument (2 given)
2018-01-17 10:42:00,087 DEBUG Received PUBLISH (d0, q0, r0, m0), 'ddp/iot', ...  (601 bytes)
2018-01-17 10:42:00,088 ERROR str() takes at most 1 argument (2 given)
2018-01-17 10:42:05,092 DEBUG Received PUBLISH (d0, q0, r0, m0), 'ddp/iot', ...  (600 bytes)
2018-01-17 10:42:05,092 ERROR str() takes at most 1 argument (2 given)
2018-01-17 10:42:10,086 DEBUG Received PUBLISH (d0, q0, r0, m0), 'ddp/iot', ...  (603 bytes)
2018-01-17 10:42:10,087 ERROR str() takes at most 1 argument (2 given)
2018-01-17 10:42:15,088 DEBUG Received PUBLISH (d0, q0, r0, m0), 'ddp/iot', ...  (604 bytes)
2018-01-17 10:42:15,088 ERROR str() takes at most 1 argument (2 given)
2018-01-17 10:42:20,086 DEBUG Received PUBLISH (d0, q0, r0, m0), 'ddp/iot', ...  (600 bytes)
2018-01-17 10:42:20,086 ERROR str() takes at most 1 argument (2 given)
2018-01-17 10:42:21,088 DEBUG Sending PINGREQ
2018-01-17 10:42:21,156 DEBUG Received PINGRESP
2018-01-17 10:42:25,098 DEBUG Received PUBLISH (d0, q0, r0, m0), 'ddp/iot', ...  (601 bytes)
2018-01-17 10:42:25,098 ERROR str() takes at most 1 argument (2 given)
2018-01-17 10:42:30,094 DEBUG Received PUBLISH (d0, q0, r0, m0), 'ddp/iot', ...  (600 bytes)
2018-01-17 10:42:30,094 ERROR str() takes at most 1 argument (2 given)
2018-01-17 10:42:35,087 DEBUG Received PUBLISH (d0, q0, r0, m0), 'ddp/iot', ...  (599 bytes)
2018-01-17 10:42:35,087 ERROR str() takes at most 1 argument (2 given)
2018-01-17 10:42:40,087 DEBUG Received PUBLISH (d0, q0, r0, m0), 'ddp/iot', ...  (603 bytes)
2018-01-17 10:42:40,087 ERROR str() takes at most 1 argument (2 given)
2018-01-17 10:42:45,092 DEBUG Received PUBLISH (d0, q0, r0, m0), 'ddp/iot', ...  (601 bytes)
2018-01-17 10:42:45,093 ERROR str() takes at most 1 argument (2 given)
2018-01-17 10:42:50,096 DEBUG Received PUBLISH (d0, q0, r0, m0), 'ddp/iot', ...  (603 bytes)
2018-01-17 10:42:50,096 ERROR str() takes at most 1 argument (2 given)
2018-01-17 10:42:55,086 DEBUG Received PUBLISH (d0, q0, r0, m0), 'ddp/iot', ...  (601 bytes)
2018-01-17 10:42:55,086 ERROR str() takes at most 1 argument (2 given)
2018-01-17 10:43:00,089 DEBUG Received PUBLISH (d0, q0, r0, m0), 'ddp/iot', ...  (599 bytes)
2018-01-17 10:43:00,089 ERROR str() takes at most 1 argument (2 given)
2018-01-17 10:43:05,090 DEBUG Received PUBLISH (d0, q0, r0, m0), 'ddp/iot', ...  (603 bytes)
2018-01-17 10:43:05,090 ERROR str() takes at most 1 argument (2 given)
2018-01-17 10:43:10,092 DEBUG Received PUBLISH (d0, q0, r0, m0), 'ddp/iot', ...  (601 bytes)
2018-01-17 10:43:10,092 ERROR str() takes at most 1 argument (2 given)
2018-01-17 10:43:15,086 DEBUG Received PUBLISH (d0, q0, r0, m0), 'ddp/iot', ...  (601 bytes)
2018-01-17 10:43:15,087 ERROR str() takes at most 1 argument (2 given)
2018-01-17 10:43:20,089 DEBUG Received PUBLISH (d0, q0, r0, m0), 'ddp/iot', ...  (602 bytes)
2018-01-17 10:43:20,090 ERROR str() takes at most 1 argument (2 given)
2018-01-17 10:43:21,091 DEBUG Sending PINGREQ
2018-01-17 10:43:21,161 DEBUG Received PINGRESP
2018-01-17 10:43:25,096 DEBUG Received PUBLISH (d0, q0, r0, m0), 'ddp/iot', ...  (602 bytes)
2018-01-17 10:43:25,097 ERROR str() takes at most 1 argument (2 given)
2018-01-17 10:43:30,088 DEBUG Received PUBLISH (d0, q0, r0, m0), 'ddp/iot', ...  (602 bytes)
2018-01-17 10:43:30,089 ERROR str() takes at most 1 argument (2 given)
2018-01-17 10:43:35,094 DEBUG Received PUBLISH (d0, q0, r0, m0), 'ddp/iot', ...  (600 bytes)
2018-01-17 10:43:35,094 ERROR str() takes at most 1 argument (2 given)
2018-01-17 10:43:40,086 DEBUG Received PUBLISH (d0, q0, r0, m0), 'ddp/iot', ...  (602 bytes)
2018-01-17 10:43:40,087 ERROR str() takes at most 1 argument (2 given)
2018-01-17 10:43:45,089 DEBUG Received PUBLISH (d0, q0, r0, m0), 'ddp/iot', ...  (600 bytes)
2018-01-17 10:43:45,089 ERROR str() takes at most 1 argument (2 given)
2018-01-17 10:43:50,086 DEBUG Received PUBLISH (d0, q0, r0, m0), 'ddp/iot', ...  (601 bytes)
2018-01-17 10:43:50,086 ERROR str() takes at most 1 argument (2 given)
2018-01-17 10:43:55,089 DEBUG Received PUBLISH (d0, q0, r0, m0), 'ddp/iot', ...  (605 bytes)
2018-01-17 10:43:55,090 ERROR str() takes at most 1 argument (2 given)
2018-01-17 10:44:00,087 DEBUG Received PUBLISH (d0, q0, r0, m0), 'ddp/iot', ...  (598 bytes)
2018-01-17 10:44:00,087 ERROR str() takes at most 1 argument (2 given)
2018-01-17 10:44:05,086 DEBUG Received PUBLISH (d0, q0, r0, m0), 'ddp/iot', ...  (600 bytes)
2018-01-17 10:44:05,086 ERROR str() takes at most 1 argument (2 given)
2018-01-17 10:44:10,088 DEBUG Received PUBLISH (d0, q0, r0, m0), 'ddp/iot', ...  (599 bytes)
2018-01-17 10:44:10,088 ERROR str() takes at most 1 argument (2 given)
2018-01-17 10:44:21,102 DEBUG Sending PINGREQ
2018-01-17 10:44:23,680 DEBUG Received PUBLISH (d0, q0, r0, m0), 'ddp/iot', ...  (602 bytes)
2018-01-17 10:44:23,681 ERROR str() takes at most 1 argument (2 given)
2018-01-17 10:44:23,746 DEBUG Received PINGRESP
2018-01-17 10:44:25,088 DEBUG Received PUBLISH (d0, q0, r0, m0), 'ddp/iot', ...  (601 bytes)
2018-01-17 10:44:25,088 ERROR str() takes at most 1 argument (2 given)
2018-01-17 10:44:30,086 DEBUG Received PUBLISH (d0, q0, r0, m0), 'ddp/iot', ...  (603 bytes)
2018-01-17 10:44:30,087 ERROR str() takes at most 1 argument (2 given)
2018-01-17 10:44:35,087 DEBUG Received PUBLISH (d0, q0, r0, m0), 'ddp/iot', ...  (600 bytes)
2018-01-17 10:44:35,088 ERROR str() takes at most 1 argument (2 given)
2018-01-17 10:44:40,087 DEBUG Received PUBLISH (d0, q0, r0, m0), 'ddp/iot', ...  (602 bytes)
2018-01-17 10:44:40,087 ERROR str() takes at most 1 argument (2 given)
2018-01-17 10:44:45,094 DEBUG Received PUBLISH (d0, q0, r0, m0), 'ddp/iot', ...  (601 bytes)
2018-01-17 10:44:45,094 ERROR str() takes at most 1 argument (2 given)
2018-01-17 10:44:50,097 DEBUG Received PUBLISH (d0, q0, r0, m0), 'ddp/iot', ...  (604 bytes)
2018-01-17 10:44:50,097 ERROR str() takes at most 1 argument (2 given)
2018-01-17 10:44:55,093 DEBUG Received PUBLISH (d0, q0, r0, m0), 'ddp/iot', ...  (600 bytes)
2018-01-17 10:44:55,093 ERROR str() takes at most 1 argument (2 given)
2018-01-17 10:45:00,086 DEBUG Received PUBLISH (d0, q0, r0, m0), 'ddp/iot', ...  (602 bytes)
2018-01-17 10:45:00,086 ERROR str() takes at most 1 argument (2 given)
2018-01-17 10:45:05,094 DEBUG Received PUBLISH (d0, q0, r0, m0), 'ddp/iot', ...  (598 bytes)
2018-01-17 10:45:05,095 ERROR str() takes at most 1 argument (2 given)
2018-01-17 10:45:10,090 DEBUG Received PUBLISH (d0, q0, r0, m0), 'ddp/iot', ...  (603 bytes)
2018-01-17 10:45:10,090 ERROR str() takes at most 1 argument (2 given)
2018-01-17 10:45:15,088 DEBUG Received PUBLISH (d0, q0, r0, m0), 'ddp/iot', ...  (605 bytes)
2018-01-17 10:45:15,088 ERROR str() takes at most 1 argument (2 given)
2018-01-17 10:45:20,086 DEBUG Received PUBLISH (d0, q0, r0, m0), 'ddp/iot', ...  (599 bytes)
2018-01-17 10:45:20,086 ERROR str() takes at most 1 argument (2 given)
2018-01-17 10:45:22,089 DEBUG Sending PINGREQ
2018-01-17 10:45:22,160 DEBUG Received PINGRESP
2018-01-17 10:45:25,087 DEBUG Received PUBLISH (d0, q0, r0, m0), 'ddp/iot', ...  (601 bytes)
2018-01-17 10:45:25,088 ERROR str() takes at most 1 argument (2 given)
2018-01-17 10:45:30,089 DEBUG Received PUBLISH (d0, q0, r0, m0), 'ddp/iot', ...  (600 bytes)
2018-01-17 10:45:30,089 ERROR str() takes at most 1 argument (2 given)
2018-01-17 10:45:35,088 DEBUG Received PUBLISH (d0, q0, r0, m0), 'ddp/iot', ...  (603 bytes)
2018-01-17 10:45:35,088 ERROR str() takes at most 1 argument (2 given)
2018-01-17 10:45:40,095 DEBUG Received PUBLISH (d0, q0, r0, m0), 'ddp/iot', ...  (601 bytes)
2018-01-17 10:45:40,095 ERROR str() takes at most 1 argument (2 given)
2018-01-17 10:45:45,087 DEBUG Received PUBLISH (d0, q0, r0, m0), 'ddp/iot', ...  (599 bytes)
2018-01-17 10:45:45,087 ERROR str() takes at most 1 argument (2 given)
2018-01-17 10:45:50,087 DEBUG Received PUBLISH (d0, q0, r0, m0), 'ddp/iot', ...  (604 bytes)
2018-01-17 10:45:50,087 ERROR str() takes at most 1 argument (2 given)
2018-01-17 10:45:55,089 DEBUG Received PUBLISH (d0, q0, r0, m0), 'ddp/iot', ...  (603 bytes)
2018-01-17 10:45:55,090 ERROR str() takes at most 1 argument (2 given)
2018-01-17 10:46:00,088 DEBUG Received PUBLISH (d0, q0, r0, m0), 'ddp/iot', ...  (599 bytes)
2018-01-17 10:46:00,088 ERROR str() takes at most 1 argument (2 given)
2018-01-17 10:46:05,086 DEBUG Received PUBLISH (d0, q0, r0, m0), 'ddp/iot', ...  (602 bytes)
2018-01-17 10:46:05,086 ERROR str() takes at most 1 argument (2 given)
2018-01-17 10:46:10,086 DEBUG Received PUBLISH (d0, q0, r0, m0), 'ddp/iot', ...  (599 bytes)
2018-01-17 10:46:10,086 ERROR str() takes at most 1 argument (2 given)
2018-01-17 10:46:15,090 DEBUG Received PUBLISH (d0, q0, r0, m0), 'ddp/iot', ...  (602 bytes)
2018-01-17 10:46:15,091 ERROR str() takes at most 1 argument (2 given)
2018-01-17 10:46:20,091 DEBUG Received PUBLISH (d0, q0, r0, m0), 'ddp/iot', ...  (603 bytes)
2018-01-17 10:46:20,091 ERROR str() takes at most 1 argument (2 given)
2018-01-17 10:46:22,094 DEBUG Sending PINGREQ
2018-01-17 10:46:22,161 DEBUG Received PINGRESP
2018-01-17 10:46:25,089 DEBUG Received PUBLISH (d0, q0, r0, m0), 'ddp/iot', ...  (602 bytes)
2018-01-17 10:46:25,090 ERROR str() takes at most 1 argument (2 given)
2018-01-17 10:46:30,097 DEBUG Received PUBLISH (d0, q0, r0, m0), 'ddp/iot', ...  (601 bytes)
2018-01-17 10:46:30,097 ERROR str() takes at most 1 argument (2 given)
2018-01-17 10:46:35,094 DEBUG Received PUBLISH (d0, q0, r0, m0), 'ddp/iot', ...  (599 bytes)
2018-01-17 10:46:35,094 ERROR str() takes at most 1 argument (2 given)
2018-01-17 10:46:40,088 DEBUG Received PUBLISH (d0, q0, r0, m0), 'ddp/iot', ...  (601 bytes)
2018-01-17 10:46:40,088 ERROR str() takes at most 1 argument (2 given)
2018-01-17 10:46:45,094 DEBUG Received PUBLISH (d0, q0, r0, m0), 'ddp/iot', ...  (602 bytes)
2018-01-17 10:46:45,095 ERROR str() takes at most 1 argument (2 given)
2018-01-17 10:46:50,115 DEBUG Received PUBLISH (d0, q0, r0, m0), 'ddp/iot', ...  (601 bytes)
2018-01-17 10:46:50,115 ERROR str() takes at most 1 argument (2 given)
2018-01-17 10:46:55,089 DEBUG Received PUBLISH (d0, q0, r0, m0), 'ddp/iot', ...  (602 bytes)
2018-01-17 10:46:55,089 ERROR str() takes at most 1 argument (2 given)
2018-01-17 10:47:00,087 DEBUG Received PUBLISH (d0, q0, r0, m0), 'ddp/iot', ...  (600 bytes)
2018-01-17 10:47:00,088 ERROR str() takes at most 1 argument (2 given)
2018-01-17 10:47:05,091 DEBUG Received PUBLISH (d0, q0, r0, m0), 'ddp/iot', ...  (602 bytes)
2018-01-17 10:47:05,091 ERROR str() takes at most 1 argument (2 given)
2018-01-17 10:47:10,090 DEBUG Received PUBLISH (d0, q0, r0, m0), 'ddp/iot', ...  (603 bytes)
2018-01-17 10:47:10,091 ERROR str() takes at most 1 argument (2 given)
2018-01-17 10:47:15,094 DEBUG Received PUBLISH (d0, q0, r0, m0), 'ddp/iot', ...  (601 bytes)
2018-01-17 10:47:15,095 ERROR str() takes at most 1 argument (2 given)
2018-01-17 10:47:20,087 DEBUG Received PUBLISH (d0, q0, r0, m0), 'ddp/iot', ...  (602 bytes)
2018-01-17 10:47:20,087 ERROR str() takes at most 1 argument (2 given)
2018-01-17 10:47:23,091 DEBUG Sending PINGREQ
2018-01-17 10:47:23,159 DEBUG Received PINGRESP
2018-01-17 10:47:25,094 DEBUG Received PUBLISH (d0, q0, r0, m0), 'ddp/iot', ...  (601 bytes)
2018-01-17 10:47:25,094 ERROR str() takes at most 1 argument (2 given)
2018-01-17 10:47:30,088 DEBUG Received PUBLISH (d0, q0, r0, m0), 'ddp/iot', ...  (603 bytes)
2018-01-17 10:47:30,088 ERROR str() takes at most 1 argument (2 given)
2018-01-17 10:47:35,093 DEBUG Received PUBLISH (d0, q0, r0, m0), 'ddp/iot', ...  (601 bytes)
2018-01-17 10:47:35,093 ERROR str() takes at most 1 argument (2 given)
2018-01-17 10:47:40,088 DEBUG Received PUBLISH (d0, q0, r0, m0), 'ddp/iot', ...  (602 bytes)
2018-01-17 10:47:40,088 ERROR str() takes at most 1 argument (2 given)
2018-01-17 10:47:45,145 DEBUG Received PUBLISH (d0, q0, r0, m0), 'ddp/iot', ...  (603 bytes)
2018-01-17 10:47:45,145 ERROR str() takes at most 1 argument (2 given)
2018-01-17 10:47:50,092 DEBUG Received PUBLISH (d0, q0, r0, m0), 'ddp/iot', ...  (600 bytes)
2018-01-17 10:47:50,093 ERROR str() takes at most 1 argument (2 given)
2018-01-17 10:47:55,091 DEBUG Received PUBLISH (d0, q0, r0, m0), 'ddp/iot', ...  (600 bytes)
2018-01-17 10:47:55,092 ERROR str() takes at most 1 argument (2 given)
2018-01-17 10:48:00,090 DEBUG Received PUBLISH (d0, q0, r0, m0), 'ddp/iot', ...  (601 bytes)
2018-01-17 10:48:00,091 ERROR str() takes at most 1 argument (2 given)
2018-01-17 10:48:05,099 DEBUG Received PUBLISH (d0, q0, r0, m0), 'ddp/iot', ...  (599 bytes)
2018-01-17 10:48:05,099 ERROR str() takes at most 1 argument (2 given)
2018-01-17 10:48:10,088 DEBUG Received PUBLISH (d0, q0, r0, m0), 'ddp/iot', ...  (603 bytes)
2018-01-17 10:48:10,089 ERROR str() takes at most 1 argument (2 given)
2018-01-17 10:48:15,096 DEBUG Received PUBLISH (d0, q0, r0, m0), 'ddp/iot', ...  (599 bytes)
2018-01-17 10:48:15,096 ERROR str() takes at most 1 argument (2 given)
2018-01-17 10:48:20,086 DEBUG Received PUBLISH (d0, q0, r0, m0), 'ddp/iot', ...  (601 bytes)
2018-01-17 10:48:20,087 ERROR str() takes at most 1 argument (2 given)
2018-01-17 10:48:24,092 DEBUG Sending PINGREQ
2018-01-17 10:48:24,160 DEBUG Received PINGRESP
2018-01-17 10:48:25,093 DEBUG Received PUBLISH (d0, q0, r0, m0), 'ddp/iot', ...  (600 bytes)
2018-01-17 10:48:25,094 ERROR str() takes at most 1 argument (2 given)
2018-01-17 10:48:30,090 DEBUG Received PUBLISH (d0, q0, r0, m0), 'ddp/iot', ...  (602 bytes)
2018-01-17 10:48:30,090 ERROR str() takes at most 1 argument (2 given)
2018-01-17 10:48:35,088 DEBUG Received PUBLISH (d0, q0, r0, m0), 'ddp/iot', ...  (603 bytes)
2018-01-17 10:48:35,089 ERROR str() takes at most 1 argument (2 given)
2018-01-17 10:48:40,095 DEBUG Received PUBLISH (d0, q0, r0, m0), 'ddp/iot', ...  (600 bytes)
2018-01-17 10:48:40,096 ERROR str() takes at most 1 argument (2 given)
2018-01-17 10:48:45,090 DEBUG Received PUBLISH (d0, q0, r0, m0), 'ddp/iot', ...  (601 bytes)
2018-01-17 10:48:45,090 ERROR str() takes at most 1 argument (2 given)
2018-01-17 10:48:50,092 DEBUG Received PUBLISH (d0, q0, r0, m0), 'ddp/iot', ...  (600 bytes)
2018-01-17 10:48:50,092 ERROR str() takes at most 1 argument (2 given)
2018-01-17 10:48:55,095 DEBUG Received PUBLISH (d0, q0, r0, m0), 'ddp/iot', ...  (603 bytes)
2018-01-17 10:48:55,095 ERROR str() takes at most 1 argument (2 given)
2018-01-17 10:49:00,088 DEBUG Received PUBLISH (d0, q0, r0, m0), 'ddp/iot', ...  (602 bytes)
2018-01-17 10:49:00,089 ERROR str() takes at most 1 argument (2 given)
2018-01-17 10:49:05,088 DEBUG Received PUBLISH (d0, q0, r0, m0), 'ddp/iot', ...  (601 bytes)
2018-01-17 10:49:05,089 ERROR str() takes at most 1 argument (2 given)
2018-01-17 10:49:10,091 DEBUG Received PUBLISH (d0, q0, r0, m0), 'ddp/iot', ...  (599 bytes)
2018-01-17 10:49:10,091 ERROR str() takes at most 1 argument (2 given)
2018-01-17 10:49:15,086 DEBUG Received PUBLISH (d0, q0, r0, m0), 'ddp/iot', ...  (603 bytes)
2018-01-17 10:49:15,087 ERROR str() takes at most 1 argument (2 given)
2018-01-17 10:49:20,089 DEBUG Received PUBLISH (d0, q0, r0, m0), 'ddp/iot', ...  (603 bytes)
2018-01-17 10:49:20,089 ERROR str() takes at most 1 argument (2 given)
2018-01-17 10:49:24,094 DEBUG Sending PINGREQ
2018-01-17 10:49:24,162 DEBUG Received PINGRESP
2018-01-17 10:49:25,086 DEBUG Received PUBLISH (d0, q0, r0, m0), 'ddp/iot', ...  (602 bytes)
2018-01-17 10:49:25,087 ERROR str() takes at most 1 argument (2 given)
2018-01-17 10:49:30,088 DEBUG Received PUBLISH (d0, q0, r0, m0), 'ddp/iot', ...  (601 bytes)
2018-01-17 10:49:30,088 ERROR str() takes at most 1 argument (2 given)
2018-01-17 10:49:35,092 DEBUG Received PUBLISH (d0, q0, r0, m0), 'ddp/iot', ...  (600 bytes)
2018-01-17 10:49:35,093 ERROR str() takes at most 1 argument (2 given)
2018-01-17 10:49:40,086 DEBUG Received PUBLISH (d0, q0, r0, m0), 'ddp/iot', ...  (604 bytes)
2018-01-17 10:49:40,087 ERROR str() takes at most 1 argument (2 given)
2018-01-17 10:49:45,093 DEBUG Received PUBLISH (d0, q0, r0, m0), 'ddp/iot', ...  (601 bytes)
2018-01-17 10:49:45,093 ERROR str() takes at most 1 argument (2 given)
2018-01-17 10:49:50,087 DEBUG Received PUBLISH (d0, q0, r0, m0), 'ddp/iot', ...  (602 bytes)
2018-01-17 10:49:50,087 ERROR str() takes at most 1 argument (2 given)
2018-01-17 10:49:55,087 DEBUG Received PUBLISH (d0, q0, r0, m0), 'ddp/iot', ...  (601 bytes)
2018-01-17 10:49:55,088 ERROR str() takes at most 1 argument (2 given)
2018-01-17 10:50:00,098 DEBUG Received PUBLISH (d0, q0, r0, m0), 'ddp/iot', ...  (603 bytes)
2018-01-17 10:50:00,098 ERROR str() takes at most 1 argument (2 given)
2018-01-17 10:50:05,095 DEBUG Received PUBLISH (d0, q0, r0, m0), 'ddp/iot', ...  (602 bytes)
2018-01-17 10:50:05,095 ERROR str() takes at most 1 argument (2 given)
2018-01-17 10:50:10,095 DEBUG Received PUBLISH (d0, q0, r0, m0), 'ddp/iot', ...  (599 bytes)
2018-01-17 10:50:10,096 ERROR str() takes at most 1 argument (2 given)
2018-01-17 10:50:15,091 DEBUG Received PUBLISH (d0, q0, r0, m0), 'ddp/iot', ...  (600 bytes)
2018-01-17 10:50:15,091 ERROR str() takes at most 1 argument (2 given)
2018-01-17 10:50:20,089 DEBUG Received PUBLISH (d0, q0, r0, m0), 'ddp/iot', ...  (597 bytes)
2018-01-17 10:50:20,089 ERROR str() takes at most 1 argument (2 given)
2018-01-17 10:50:25,089 DEBUG Received PUBLISH (d0, q0, r0, m0), 'ddp/iot', ...  (602 bytes)
2018-01-17 10:50:25,089 ERROR str() takes at most 1 argument (2 given)
2018-01-17 10:50:25,089 DEBUG Sending PINGREQ
2018-01-17 10:50:25,160 DEBUG Received PINGRESP
2018-01-17 10:50:30,086 DEBUG Received PUBLISH (d0, q0, r0, m0), 'ddp/iot', ...  (600 bytes)
2018-01-17 10:50:30,086 ERROR str() takes at most 1 argument (2 given)
2018-01-17 10:50:35,085 DEBUG Received PUBLISH (d0, q0, r0, m0), 'ddp/iot', ...  (603 bytes)
2018-01-17 10:50:35,086 ERROR str() takes at most 1 argument (2 given)
2018-01-17 10:50:40,095 DEBUG Received PUBLISH (d0, q0, r0, m0), 'ddp/iot', ...  (604 bytes)
2018-01-17 10:50:40,096 ERROR str() takes at most 1 argument (2 given)
2018-01-17 10:50:45,093 DEBUG Received PUBLISH (d0, q0, r0, m0), 'ddp/iot', ...  (603 bytes)
2018-01-17 10:50:45,094 ERROR str() takes at most 1 argument (2 given)
2018-01-17 10:50:50,086 DEBUG Received PUBLISH (d0, q0, r0, m0), 'ddp/iot', ...  (601 bytes)
2018-01-17 10:50:50,087 ERROR str() takes at most 1 argument (2 given)
2018-01-17 10:50:55,094 DEBUG Received PUBLISH (d0, q0, r0, m0), 'ddp/iot', ...  (601 bytes)
2018-01-17 10:50:55,095 ERROR str() takes at most 1 argument (2 given)
2018-01-17 10:51:00,096 DEBUG Received PUBLISH (d0, q0, r0, m0), 'ddp/iot', ...  (601 bytes)
2018-01-17 10:51:00,097 ERROR str() takes at most 1 argument (2 given)
2018-01-17 10:51:05,092 DEBUG Received PUBLISH (d0, q0, r0, m0), 'ddp/iot', ...  (601 bytes)
2018-01-17 10:51:05,092 ERROR str() takes at most 1 argument (2 given)
2018-01-17 10:51:10,086 DEBUG Received PUBLISH (d0, q0, r0, m0), 'ddp/iot', ...  (601 bytes)
2018-01-17 10:51:10,087 ERROR str() takes at most 1 argument (2 given)
2018-01-17 10:51:15,088 DEBUG Received PUBLISH (d0, q0, r0, m0), 'ddp/iot', ...  (601 bytes)
2018-01-17 10:51:15,088 ERROR str() takes at most 1 argument (2 given)
2018-01-17 10:51:20,095 DEBUG Received PUBLISH (d0, q0, r0, m0), 'ddp/iot', ...  (601 bytes)
2018-01-17 10:51:20,095 ERROR str() takes at most 1 argument (2 given)
2018-01-17 10:51:25,093 DEBUG Received PUBLISH (d0, q0, r0, m0), 'ddp/iot', ...  (600 bytes)
2018-01-17 10:51:25,094 ERROR str() takes at most 1 argument (2 given)
2018-01-17 10:51:25,094 DEBUG Sending PINGREQ
2018-01-17 10:51:25,163 DEBUG Received PINGRESP
2018-01-17 10:51:30,086 DEBUG Received PUBLISH (d0, q0, r0, m0), 'ddp/iot', ...  (601 bytes)
2018-01-17 10:51:30,087 ERROR str() takes at most 1 argument (2 given)
2018-01-17 10:51:35,087 DEBUG Received PUBLISH (d0, q0, r0, m0), 'ddp/iot', ...  (603 bytes)
2018-01-17 10:51:35,087 ERROR str() takes at most 1 argument (2 given)
2018-01-17 10:51:40,093 DEBUG Received PUBLISH (d0, q0, r0, m0), 'ddp/iot', ...  (602 bytes)
2018-01-17 10:51:40,094 ERROR str() takes at most 1 argument (2 given)
2018-01-17 10:51:45,090 DEBUG Received PUBLISH (d0, q0, r0, m0), 'ddp/iot', ...  (604 bytes)
2018-01-17 10:51:45,090 ERROR str() takes at most 1 argument (2 given)
2018-01-17 10:51:50,091 DEBUG Received PUBLISH (d0, q0, r0, m0), 'ddp/iot', ...  (599 bytes)
2018-01-17 10:51:50,091 ERROR str() takes at most 1 argument (2 given)
2018-01-17 10:51:55,095 DEBUG Received PUBLISH (d0, q0, r0, m0), 'ddp/iot', ...  (603 bytes)
2018-01-17 10:51:55,096 ERROR str() takes at most 1 argument (2 given)
2018-01-17 10:52:00,089 DEBUG Received PUBLISH (d0, q0, r0, m0), 'ddp/iot', ...  (602 bytes)
2018-01-17 10:52:00,089 ERROR str() takes at most 1 argument (2 given)
2018-01-17 10:52:05,086 DEBUG Received PUBLISH (d0, q0, r0, m0), 'ddp/iot', ...  (600 bytes)
2018-01-17 10:52:05,086 ERROR str() takes at most 1 argument (2 given)
2018-01-17 10:52:10,093 DEBUG Received PUBLISH (d0, q0, r0, m0), 'ddp/iot', ...  (601 bytes)
2018-01-17 10:52:10,094 ERROR str() takes at most 1 argument (2 given)
2018-01-17 10:52:15,092 DEBUG Received PUBLISH (d0, q0, r0, m0), 'ddp/iot', ...  (599 bytes)
2018-01-17 10:52:15,093 ERROR str() takes at most 1 argument (2 given)
2018-01-17 10:52:20,089 DEBUG Received PUBLISH (d0, q0, r0, m0), 'ddp/iot', ...  (604 bytes)
2018-01-17 10:52:20,089 ERROR str() takes at most 1 argument (2 given)
2018-01-17 10:52:25,087 DEBUG Received PUBLISH (d0, q0, r0, m0), 'ddp/iot', ...  (603 bytes)
2018-01-17 10:52:25,087 ERROR str() takes at most 1 argument (2 given)
2018-01-17 10:52:26,089 DEBUG Sending PINGREQ
2018-01-17 10:52:26,157 DEBUG Received PINGRESP
2018-01-17 10:52:30,087 DEBUG Received PUBLISH (d0, q0, r0, m0), 'ddp/iot', ...  (600 bytes)
2018-01-17 10:52:30,087 ERROR str() takes at most 1 argument (2 given)
2018-01-17 10:52:35,092 DEBUG Received PUBLISH (d0, q0, r0, m0), 'ddp/iot', ...  (600 bytes)
2018-01-17 10:52:35,092 ERROR str() takes at most 1 argument (2 given)
2018-01-17 10:52:40,085 DEBUG Received PUBLISH (d0, q0, r0, m0), 'ddp/iot', ...  (601 bytes)
2018-01-17 10:52:40,086 ERROR str() takes at most 1 argument (2 given)
2018-01-17 10:52:45,087 DEBUG Received PUBLISH (d0, q0, r0, m0), 'ddp/iot', ...  (602 bytes)
2018-01-17 10:52:45,087 ERROR str() takes at most 1 argument (2 given)
2018-01-17 10:52:50,086 DEBUG Received PUBLISH (d0, q0, r0, m0), 'ddp/iot', ...  (601 bytes)
2018-01-17 10:52:50,086 ERROR str() takes at most 1 argument (2 given)
2018-01-17 10:52:55,087 DEBUG Received PUBLISH (d0, q0, r0, m0), 'ddp/iot', ...  (601 bytes)
2018-01-17 10:52:55,087 ERROR str() takes at most 1 argument (2 given)
2018-01-17 10:53:00,088 DEBUG Received PUBLISH (d0, q0, r0, m0), 'ddp/iot', ...  (599 bytes)
2018-01-17 10:53:00,088 ERROR str() takes at most 1 argument (2 given)
2018-01-17 10:53:05,089 DEBUG Received PUBLISH (d0, q0, r0, m0), 'ddp/iot', ...  (600 bytes)
2018-01-17 10:53:05,089 ERROR str() takes at most 1 argument (2 given)
2018-01-17 10:53:10,088 DEBUG Received PUBLISH (d0, q0, r0, m0), 'ddp/iot', ...  (601 bytes)
2018-01-17 10:53:10,088 ERROR str() takes at most 1 argument (2 given)
2018-01-17 10:53:15,086 DEBUG Received PUBLISH (d0, q0, r0, m0), 'ddp/iot', ...  (603 bytes)
2018-01-17 10:53:15,087 ERROR str() takes at most 1 argument (2 given)
2018-01-17 10:53:20,093 DEBUG Received PUBLISH (d0, q0, r0, m0), 'ddp/iot', ...  (602 bytes)
2018-01-17 10:53:20,094 ERROR str() takes at most 1 argument (2 given)
2018-01-17 10:53:25,090 DEBUG Received PUBLISH (d0, q0, r0, m0), 'ddp/iot', ...  (602 bytes)
2018-01-17 10:53:25,090 ERROR str() takes at most 1 argument (2 given)
2018-01-17 10:53:26,092 DEBUG Sending PINGREQ
2018-01-17 10:53:26,159 DEBUG Received PINGRESP
2018-01-17 10:53:30,087 DEBUG Received PUBLISH (d0, q0, r0, m0), 'ddp/iot', ...  (600 bytes)
2018-01-17 10:53:30,087 ERROR str() takes at most 1 argument (2 given)
2018-01-17 10:53:35,086 DEBUG Received PUBLISH (d0, q0, r0, m0), 'ddp/iot', ...  (602 bytes)
2018-01-17 10:53:35,086 ERROR str() takes at most 1 argument (2 given)
2018-01-17 10:53:40,089 DEBUG Received PUBLISH (d0, q0, r0, m0), 'ddp/iot', ...  (602 bytes)
2018-01-17 10:53:40,090 ERROR str() takes at most 1 argument (2 given)
2018-01-17 10:53:45,087 DEBUG Received PUBLISH (d0, q0, r0, m0), 'ddp/iot', ...  (600 bytes)
2018-01-17 10:53:45,087 ERROR str() takes at most 1 argument (2 given)
2018-01-17 10:53:50,096 DEBUG Received PUBLISH (d0, q0, r0, m0), 'ddp/iot', ...  (602 bytes)
2018-01-17 10:53:50,096 ERROR str() takes at most 1 argument (2 given)
2018-01-17 10:53:55,088 DEBUG Received PUBLISH (d0, q0, r0, m0), 'ddp/iot', ...  (603 bytes)
2018-01-17 10:53:55,089 ERROR str() takes at most 1 argument (2 given)
2018-01-17 10:54:00,098 DEBUG Received PUBLISH (d0, q0, r0, m0), 'ddp/iot', ...  (604 bytes)
2018-01-17 10:54:00,099 ERROR str() takes at most 1 argument (2 given)
2018-01-17 10:54:05,096 DEBUG Received PUBLISH (d0, q0, r0, m0), 'ddp/iot', ...  (595 bytes)
2018-01-17 10:54:05,096 ERROR str() takes at most 1 argument (2 given)
2018-01-17 10:54:10,088 DEBUG Received PUBLISH (d0, q0, r0, m0), 'ddp/iot', ...  (604 bytes)
2018-01-17 10:54:10,088 ERROR str() takes at most 1 argument (2 given)
2018-01-17 10:54:15,088 DEBUG Received PUBLISH (d0, q0, r0, m0), 'ddp/iot', ...  (601 bytes)
2018-01-17 10:54:15,088 ERROR str() takes at most 1 argument (2 given)
2018-01-17 10:54:20,098 DEBUG Received PUBLISH (d0, q0, r0, m0), 'ddp/iot', ...  (600 bytes)
2018-01-17 10:54:20,098 ERROR str() takes at most 1 argument (2 given)
2018-01-17 10:54:25,086 DEBUG Received PUBLISH (d0, q0, r0, m0), 'ddp/iot', ...  (602 bytes)
2018-01-17 10:54:25,087 ERROR str() takes at most 1 argument (2 given)
2018-01-17 10:54:27,089 DEBUG Sending PINGREQ
2018-01-17 10:54:27,156 DEBUG Received PINGRESP
2018-01-17 10:54:30,089 DEBUG Received PUBLISH (d0, q0, r0, m0), 'ddp/iot', ...  (601 bytes)
2018-01-17 10:54:30,089 ERROR str() takes at most 1 argument (2 given)
2018-01-17 10:54:35,093 DEBUG Received PUBLISH (d0, q0, r0, m0), 'ddp/iot', ...  (598 bytes)
2018-01-17 10:54:35,093 ERROR str() takes at most 1 argument (2 given)
2018-01-17 10:54:40,097 DEBUG Received PUBLISH (d0, q0, r0, m0), 'ddp/iot', ...  (599 bytes)
2018-01-17 10:54:40,097 ERROR str() takes at most 1 argument (2 given)
2018-01-17 10:54:45,091 DEBUG Received PUBLISH (d0, q0, r0, m0), 'ddp/iot', ...  (602 bytes)
2018-01-17 10:54:45,091 ERROR str() takes at most 1 argument (2 given)
2018-01-17 10:54:50,088 DEBUG Received PUBLISH (d0, q0, r0, m0), 'ddp/iot', ...  (600 bytes)
2018-01-17 10:54:50,088 ERROR str() takes at most 1 argument (2 given)
2018-01-17 10:54:55,087 DEBUG Received PUBLISH (d0, q0, r0, m0), 'ddp/iot', ...  (600 bytes)
2018-01-17 10:54:55,087 ERROR str() takes at most 1 argument (2 given)
2018-01-17 10:55:00,090 DEBUG Received PUBLISH (d0, q0, r0, m0), 'ddp/iot', ...  (601 bytes)
2018-01-17 10:55:00,090 ERROR str() takes at most 1 argument (2 given)
2018-01-17 10:55:05,096 DEBUG Received PUBLISH (d0, q0, r0, m0), 'ddp/iot', ...  (603 bytes)
2018-01-17 10:55:05,096 ERROR str() takes at most 1 argument (2 given)
2018-01-17 10:55:10,090 DEBUG Received PUBLISH (d0, q0, r0, m0), 'ddp/iot', ...  (601 bytes)
2018-01-17 10:55:10,090 ERROR str() takes at most 1 argument (2 given)
2018-01-17 10:55:15,090 DEBUG Received PUBLISH (d0, q0, r0, m0), 'ddp/iot', ...  (600 bytes)
2018-01-17 10:55:15,091 ERROR str() takes at most 1 argument (2 given)
2018-01-17 10:55:20,088 DEBUG Received PUBLISH (d0, q0, r0, m0), 'ddp/iot', ...  (597 bytes)
2018-01-17 10:55:20,089 ERROR str() takes at most 1 argument (2 given)
2018-01-17 10:55:25,095 DEBUG Received PUBLISH (d0, q0, r0, m0), 'ddp/iot', ...  (604 bytes)
2018-01-17 10:55:25,095 ERROR str() takes at most 1 argument (2 given)
2018-01-17 10:55:27,098 DEBUG Sending PINGREQ
2018-01-17 10:55:27,166 DEBUG Received PINGRESP
2018-01-17 10:55:30,089 DEBUG Received PUBLISH (d0, q0, r0, m0), 'ddp/iot', ...  (602 bytes)
2018-01-17 10:55:30,089 ERROR str() takes at most 1 argument (2 given)
2018-01-17 10:55:35,087 DEBUG Received PUBLISH (d0, q0, r0, m0), 'ddp/iot', ...  (600 bytes)
2018-01-17 10:55:35,088 ERROR str() takes at most 1 argument (2 given)
2018-01-17 10:55:40,088 DEBUG Received PUBLISH (d0, q0, r0, m0), 'ddp/iot', ...  (601 bytes)
2018-01-17 10:55:40,088 ERROR str() takes at most 1 argument (2 given)
2018-01-17 10:55:45,087 DEBUG Received PUBLISH (d0, q0, r0, m0), 'ddp/iot', ...  (601 bytes)
2018-01-17 10:55:45,087 ERROR str() takes at most 1 argument (2 given)
2018-01-17 10:55:50,086 DEBUG Received PUBLISH (d0, q0, r0, m0), 'ddp/iot', ...  (603 bytes)
2018-01-17 10:55:50,087 ERROR str() takes at most 1 argument (2 given)
2018-01-17 10:55:55,091 DEBUG Received PUBLISH (d0, q0, r0, m0), 'ddp/iot', ...  (603 bytes)
2018-01-17 10:55:55,092 ERROR str() takes at most 1 argument (2 given)
2018-01-17 10:56:00,095 DEBUG Received PUBLISH (d0, q0, r0, m0), 'ddp/iot', ...  (602 bytes)
2018-01-17 10:56:00,095 ERROR str() takes at most 1 argument (2 given)
2018-01-17 10:56:05,088 DEBUG Received PUBLISH (d0, q0, r0, m0), 'ddp/iot', ...  (602 bytes)
2018-01-17 10:56:05,089 ERROR str() takes at most 1 argument (2 given)
2018-01-17 10:56:10,088 DEBUG Received PUBLISH (d0, q0, r0, m0), 'ddp/iot', ...  (605 bytes)
2018-01-17 10:56:10,088 ERROR str() takes at most 1 argument (2 given)
2018-01-17 10:56:15,089 DEBUG Received PUBLISH (d0, q0, r0, m0), 'ddp/iot', ...  (602 bytes)
2018-01-17 10:56:15,090 ERROR str() takes at most 1 argument (2 given)
2018-01-17 10:56:20,097 DEBUG Received PUBLISH (d0, q0, r0, m0), 'ddp/iot', ...  (603 bytes)
2018-01-17 10:56:20,098 ERROR str() takes at most 1 argument (2 given)
2018-01-17 10:56:25,089 DEBUG Received PUBLISH (d0, q0, r0, m0), 'ddp/iot', ...  (601 bytes)
2018-01-17 10:56:25,090 ERROR str() takes at most 1 argument (2 given)
2018-01-17 10:56:28,094 DEBUG Sending PINGREQ
2018-01-17 10:56:28,162 DEBUG Received PINGRESP
2018-01-17 10:56:30,087 DEBUG Received PUBLISH (d0, q0, r0, m0), 'ddp/iot', ...  (602 bytes)
2018-01-17 10:56:30,087 ERROR str() takes at most 1 argument (2 given)
2018-01-17 10:56:35,088 DEBUG Received PUBLISH (d0, q0, r0, m0), 'ddp/iot', ...  (603 bytes)
2018-01-17 10:56:35,088 ERROR str() takes at most 1 argument (2 given)
2018-01-17 10:56:40,093 DEBUG Received PUBLISH (d0, q0, r0, m0), 'ddp/iot', ...  (601 bytes)
2018-01-17 10:56:40,093 ERROR str() takes at most 1 argument (2 given)
2018-01-17 10:56:45,088 DEBUG Received PUBLISH (d0, q0, r0, m0), 'ddp/iot', ...  (601 bytes)
2018-01-17 10:56:45,088 ERROR str() takes at most 1 argument (2 given)
2018-01-17 10:56:50,087 DEBUG Received PUBLISH (d0, q0, r0, m0), 'ddp/iot', ...  (599 bytes)
2018-01-17 10:56:50,087 ERROR str() takes at most 1 argument (2 given)
2018-01-17 10:56:55,085 DEBUG Received PUBLISH (d0, q0, r0, m0), 'ddp/iot', ...  (601 bytes)
2018-01-17 10:56:55,086 ERROR str() takes at most 1 argument (2 given)
2018-01-17 10:57:00,087 DEBUG Received PUBLISH (d0, q0, r0, m0), 'ddp/iot', ...  (602 bytes)
2018-01-17 10:57:00,088 ERROR str() takes at most 1 argument (2 given)
2018-01-17 10:57:05,088 DEBUG Received PUBLISH (d0, q0, r0, m0), 'ddp/iot', ...  (602 bytes)
2018-01-17 10:57:05,088 ERROR str() takes at most 1 argument (2 given)
2018-01-17 10:57:10,086 DEBUG Received PUBLISH (d0, q0, r0, m0), 'ddp/iot', ...  (602 bytes)
2018-01-17 10:57:10,086 ERROR str() takes at most 1 argument (2 given)
2018-01-17 10:57:15,096 DEBUG Received PUBLISH (d0, q0, r0, m0), 'ddp/iot', ...  (601 bytes)
2018-01-17 10:57:15,096 ERROR str() takes at most 1 argument (2 given)
2018-01-17 10:57:20,087 DEBUG Received PUBLISH (d0, q0, r0, m0), 'ddp/iot', ...  (600 bytes)
2018-01-17 10:57:20,088 ERROR str() takes at most 1 argument (2 given)
2018-01-17 10:57:25,089 DEBUG Received PUBLISH (d0, q0, r0, m0), 'ddp/iot', ...  (600 bytes)
2018-01-17 10:57:25,090 ERROR str() takes at most 1 argument (2 given)
2018-01-17 10:57:29,095 DEBUG Sending PINGREQ
2018-01-17 10:57:29,163 DEBUG Received PINGRESP
2018-01-17 10:57:30,094 DEBUG Received PUBLISH (d0, q0, r0, m0), 'ddp/iot', ...  (601 bytes)
2018-01-17 10:57:30,094 ERROR str() takes at most 1 argument (2 given)
2018-01-17 10:57:35,093 DEBUG Received PUBLISH (d0, q0, r0, m0), 'ddp/iot', ...  (601 bytes)
2018-01-17 10:57:35,094 ERROR str() takes at most 1 argument (2 given)
2018-01-17 10:57:40,096 DEBUG Received PUBLISH (d0, q0, r0, m0), 'ddp/iot', ...  (599 bytes)
2018-01-17 10:57:40,096 ERROR str() takes at most 1 argument (2 given)
2018-01-17 10:57:45,086 DEBUG Received PUBLISH (d0, q0, r0, m0), 'ddp/iot', ...  (603 bytes)
2018-01-17 10:57:45,087 ERROR str() takes at most 1 argument (2 given)
2018-01-17 10:57:50,089 DEBUG Received PUBLISH (d0, q0, r0, m0), 'ddp/iot', ...  (598 bytes)
2018-01-17 10:57:50,089 ERROR str() takes at most 1 argument (2 given)
2018-01-17 10:57:55,085 DEBUG Received PUBLISH (d0, q0, r0, m0), 'ddp/iot', ...  (602 bytes)
2018-01-17 10:57:55,086 ERROR str() takes at most 1 argument (2 given)
2018-01-17 10:58:00,088 DEBUG Received PUBLISH (d0, q0, r0, m0), 'ddp/iot', ...  (602 bytes)
2018-01-17 10:58:00,089 ERROR str() takes at most 1 argument (2 given)
2018-01-17 10:58:05,086 DEBUG Received PUBLISH (d0, q0, r0, m0), 'ddp/iot', ...  (598 bytes)
2018-01-17 10:58:05,086 ERROR str() takes at most 1 argument (2 given)
2018-01-17 10:58:10,090 DEBUG Received PUBLISH (d0, q0, r0, m0), 'ddp/iot', ...  (603 bytes)
2018-01-17 10:58:10,090 ERROR str() takes at most 1 argument (2 given)
2018-01-17 10:58:15,094 DEBUG Received PUBLISH (d0, q0, r0, m0), 'ddp/iot', ...  (603 bytes)
2018-01-17 10:58:15,094 ERROR str() takes at most 1 argument (2 given)
2018-01-17 10:58:20,087 DEBUG Received PUBLISH (d0, q0, r0, m0), 'ddp/iot', ...  (602 bytes)
2018-01-17 10:58:20,087 ERROR str() takes at most 1 argument (2 given)
2018-01-17 10:58:25,093 DEBUG Received PUBLISH (d0, q0, r0, m0), 'ddp/iot', ...  (601 bytes)
2018-01-17 10:58:25,094 ERROR str() takes at most 1 argument (2 given)
2018-01-17 10:58:29,099 DEBUG Sending PINGREQ
2018-01-17 10:58:29,169 DEBUG Received PINGRESP
2018-01-17 10:58:30,088 DEBUG Received PUBLISH (d0, q0, r0, m0), 'ddp/iot', ...  (601 bytes)
2018-01-17 10:58:30,088 ERROR str() takes at most 1 argument (2 given)
2018-01-17 10:58:35,089 DEBUG Received PUBLISH (d0, q0, r0, m0), 'ddp/iot', ...  (603 bytes)
2018-01-17 10:58:35,089 ERROR str() takes at most 1 argument (2 given)
2018-01-17 10:58:40,096 DEBUG Received PUBLISH (d0, q0, r0, m0), 'ddp/iot', ...  (601 bytes)
2018-01-17 10:58:40,096 ERROR str() takes at most 1 argument (2 given)
2018-01-17 10:58:45,090 DEBUG Received PUBLISH (d0, q0, r0, m0), 'ddp/iot', ...  (604 bytes)
2018-01-17 10:58:45,090 ERROR str() takes at most 1 argument (2 given)
2018-01-17 10:58:50,089 DEBUG Received PUBLISH (d0, q0, r0, m0), 'ddp/iot', ...  (600 bytes)
2018-01-17 10:58:50,089 ERROR str() takes at most 1 argument (2 given)
2018-01-17 10:58:55,089 DEBUG Received PUBLISH (d0, q0, r0, m0), 'ddp/iot', ...  (602 bytes)
2018-01-17 10:58:55,090 ERROR str() takes at most 1 argument (2 given)
2018-01-17 10:59:00,089 DEBUG Received PUBLISH (d0, q0, r0, m0), 'ddp/iot', ...  (600 bytes)
2018-01-17 10:59:00,090 ERROR str() takes at most 1 argument (2 given)
2018-01-17 10:59:05,088 DEBUG Received PUBLISH (d0, q0, r0, m0), 'ddp/iot', ...  (600 bytes)
2018-01-17 10:59:05,088 ERROR str() takes at most 1 argument (2 given)
2018-01-17 10:59:10,087 DEBUG Received PUBLISH (d0, q0, r0, m0), 'ddp/iot', ...  (602 bytes)
2018-01-17 10:59:10,088 ERROR str() takes at most 1 argument (2 given)
2018-01-17 10:59:15,086 DEBUG Received PUBLISH (d0, q0, r0, m0), 'ddp/iot', ...  (602 bytes)
2018-01-17 10:59:15,087 ERROR str() takes at most 1 argument (2 given)
2018-01-17 10:59:20,086 DEBUG Received PUBLISH (d0, q0, r0, m0), 'ddp/iot', ...  (597 bytes)
2018-01-17 10:59:20,087 ERROR str() takes at most 1 argument (2 given)
2018-01-17 10:59:25,092 DEBUG Received PUBLISH (d0, q0, r0, m0), 'ddp/iot', ...  (603 bytes)
2018-01-17 10:59:25,092 ERROR str() takes at most 1 argument (2 given)
2018-01-17 10:59:30,087 DEBUG Received PUBLISH (d0, q0, r0, m0), 'ddp/iot', ...  (602 bytes)
2018-01-17 10:59:30,087 ERROR str() takes at most 1 argument (2 given)
2018-01-17 10:59:30,088 DEBUG Sending PINGREQ
2018-01-17 10:59:30,154 DEBUG Received PINGRESP
2018-01-17 10:59:35,093 DEBUG Received PUBLISH (d0, q0, r0, m0), 'ddp/iot', ...  (601 bytes)
2018-01-17 10:59:35,093 ERROR str() takes at most 1 argument (2 given)
2018-01-17 10:59:40,096 DEBUG Received PUBLISH (d0, q0, r0, m0), 'ddp/iot', ...  (598 bytes)
2018-01-17 10:59:40,096 ERROR str() takes at most 1 argument (2 given)
2018-01-17 10:59:45,090 DEBUG Received PUBLISH (d0, q0, r0, m0), 'ddp/iot', ...  (599 bytes)
2018-01-17 10:59:45,090 ERROR str() takes at most 1 argument (2 given)
2018-01-17 10:59:50,092 DEBUG Received PUBLISH (d0, q0, r0, m0), 'ddp/iot', ...  (599 bytes)
2018-01-17 10:59:50,093 ERROR str() takes at most 1 argument (2 given)
2018-01-17 10:59:55,088 DEBUG Received PUBLISH (d0, q0, r0, m0), 'ddp/iot', ...  (602 bytes)
2018-01-17 10:59:55,088 ERROR str() takes at most 1 argument (2 given)
2018-01-17 11:00:00,086 DEBUG Received PUBLISH (d0, q0, r0, m0), 'ddp/iot', ...  (603 bytes)
2018-01-17 11:00:00,086 ERROR str() takes at most 1 argument (2 given)
2018-01-17 11:00:05,089 DEBUG Received PUBLISH (d0, q0, r0, m0), 'ddp/iot', ...  (602 bytes)
2018-01-17 11:00:05,090 ERROR str() takes at most 1 argument (2 given)
2018-01-17 11:00:10,125 DEBUG Received PUBLISH (d0, q0, r0, m0), 'ddp/iot', ...  (599 bytes)
2018-01-17 11:00:10,126 ERROR str() takes at most 1 argument (2 given)
2018-01-17 11:00:15,090 DEBUG Received PUBLISH (d0, q0, r0, m0), 'ddp/iot', ...  (602 bytes)
2018-01-17 11:00:15,090 ERROR str() takes at most 1 argument (2 given)
2018-01-17 11:00:20,093 DEBUG Received PUBLISH (d0, q0, r0, m0), 'ddp/iot', ...  (602 bytes)
2018-01-17 11:00:20,093 ERROR str() takes at most 1 argument (2 given)
2018-01-17 11:00:25,088 DEBUG Received PUBLISH (d0, q0, r0, m0), 'ddp/iot', ...  (602 bytes)
2018-01-17 11:00:25,088 ERROR str() takes at most 1 argument (2 given)
2018-01-17 11:00:30,089 DEBUG Received PUBLISH (d0, q0, r0, m0), 'ddp/iot', ...  (604 bytes)
2018-01-17 11:00:30,090 ERROR str() takes at most 1 argument (2 given)
2018-01-17 11:00:30,090 DEBUG Sending PINGREQ
2018-01-17 11:00:30,157 DEBUG Received PINGRESP
2018-01-17 11:00:35,101 DEBUG Received PUBLISH (d0, q0, r0, m0), 'ddp/iot', ...  (604 bytes)
2018-01-17 11:00:35,102 ERROR str() takes at most 1 argument (2 given)
2018-01-17 11:00:40,087 DEBUG Received PUBLISH (d0, q0, r0, m0), 'ddp/iot', ...  (600 bytes)
2018-01-17 11:00:40,088 ERROR str() takes at most 1 argument (2 given)
2018-01-17 11:00:45,088 DEBUG Received PUBLISH (d0, q0, r0, m0), 'ddp/iot', ...  (599 bytes)
2018-01-17 11:00:45,088 ERROR str() takes at most 1 argument (2 given)
2018-01-17 11:00:50,087 DEBUG Received PUBLISH (d0, q0, r0, m0), 'ddp/iot', ...  (601 bytes)
2018-01-17 11:00:50,087 ERROR str() takes at most 1 argument (2 given)
2018-01-17 11:00:55,086 DEBUG Received PUBLISH (d0, q0, r0, m0), 'ddp/iot', ...  (599 bytes)
2018-01-17 11:00:55,086 ERROR str() takes at most 1 argument (2 given)
2018-01-17 11:01:00,090 DEBUG Received PUBLISH (d0, q0, r0, m0), 'ddp/iot', ...  (603 bytes)
2018-01-17 11:01:00,090 ERROR str() takes at most 1 argument (2 given)
2018-01-17 11:01:05,087 DEBUG Received PUBLISH (d0, q0, r0, m0), 'ddp/iot', ...  (602 bytes)
2018-01-17 11:01:05,088 ERROR str() takes at most 1 argument (2 given)
2018-01-17 11:01:10,088 DEBUG Received PUBLISH (d0, q0, r0, m0), 'ddp/iot', ...  (603 bytes)
2018-01-17 11:01:10,088 ERROR str() takes at most 1 argument (2 given)
2018-01-17 11:01:15,087 DEBUG Received PUBLISH (d0, q0, r0, m0), 'ddp/iot', ...  (602 bytes)
2018-01-17 11:01:15,088 ERROR str() takes at most 1 argument (2 given)
2018-01-17 11:01:20,096 DEBUG Received PUBLISH (d0, q0, r0, m0), 'ddp/iot', ...  (602 bytes)
2018-01-17 11:01:20,096 ERROR str() takes at most 1 argument (2 given)
2018-01-17 11:01:25,095 DEBUG Received PUBLISH (d0, q0, r0, m0), 'ddp/iot', ...  (605 bytes)
2018-01-17 11:01:25,095 ERROR str() takes at most 1 argument (2 given)
2018-01-17 11:01:30,087 DEBUG Received PUBLISH (d0, q0, r0, m0), 'ddp/iot', ...  (602 bytes)
2018-01-17 11:01:30,087 ERROR str() takes at most 1 argument (2 given)
2018-01-17 11:01:31,088 DEBUG Sending PINGREQ
2018-01-17 11:01:31,156 DEBUG Received PINGRESP
2018-01-17 11:01:35,090 DEBUG Received PUBLISH (d0, q0, r0, m0), 'ddp/iot', ...  (603 bytes)
2018-01-17 11:01:35,090 ERROR str() takes at most 1 argument (2 given)
2018-01-17 11:01:40,092 DEBUG Received PUBLISH (d0, q0, r0, m0), 'ddp/iot', ...  (602 bytes)
2018-01-17 11:01:40,092 ERROR str() takes at most 1 argument (2 given)
2018-01-17 11:01:45,090 DEBUG Received PUBLISH (d0, q0, r0, m0), 'ddp/iot', ...  (604 bytes)
2018-01-17 11:01:45,090 ERROR str() takes at most 1 argument (2 given)
2018-01-17 11:01:50,093 DEBUG Received PUBLISH (d0, q0, r0, m0), 'ddp/iot', ...  (602 bytes)
2018-01-17 11:01:50,093 ERROR str() takes at most 1 argument (2 given)
2018-01-17 11:01:55,089 DEBUG Received PUBLISH (d0, q0, r0, m0), 'ddp/iot', ...  (604 bytes)
2018-01-17 11:01:55,089 ERROR str() takes at most 1 argument (2 given)
2018-01-17 11:02:00,089 DEBUG Received PUBLISH (d0, q0, r0, m0), 'ddp/iot', ...  (601 bytes)
2018-01-17 11:02:00,089 ERROR str() takes at most 1 argument (2 given)
2018-01-17 11:02:05,086 DEBUG Received PUBLISH (d0, q0, r0, m0), 'ddp/iot', ...  (602 bytes)
2018-01-17 11:02:05,086 ERROR str() takes at most 1 argument (2 given)
2018-01-17 11:02:10,087 DEBUG Received PUBLISH (d0, q0, r0, m0), 'ddp/iot', ...  (601 bytes)
2018-01-17 11:02:10,087 ERROR str() takes at most 1 argument (2 given)
2018-01-17 11:02:15,096 DEBUG Received PUBLISH (d0, q0, r0, m0), 'ddp/iot', ...  (601 bytes)
2018-01-17 11:02:15,096 ERROR str() takes at most 1 argument (2 given)
2018-01-17 11:02:20,088 DEBUG Received PUBLISH (d0, q0, r0, m0), 'ddp/iot', ...  (603 bytes)
2018-01-17 11:02:20,088 ERROR str() takes at most 1 argument (2 given)
2018-01-17 11:02:25,092 DEBUG Received PUBLISH (d0, q0, r0, m0), 'ddp/iot', ...  (600 bytes)
2018-01-17 11:02:25,092 ERROR str() takes at most 1 argument (2 given)
2018-01-17 11:02:30,095 DEBUG Received PUBLISH (d0, q0, r0, m0), 'ddp/iot', ...  (601 bytes)
2018-01-17 11:02:30,095 ERROR str() takes at most 1 argument (2 given)
2018-01-17 11:02:31,096 DEBUG Sending PINGREQ
2018-01-17 11:02:31,166 DEBUG Received PINGRESP
2018-01-17 11:02:35,094 DEBUG Received PUBLISH (d0, q0, r0, m0), 'ddp/iot', ...  (600 bytes)
2018-01-17 11:02:35,095 ERROR str() takes at most 1 argument (2 given)
2018-01-17 11:02:40,085 DEBUG Received PUBLISH (d0, q0, r0, m0), 'ddp/iot', ...  (599 bytes)
2018-01-17 11:02:40,086 ERROR str() takes at most 1 argument (2 given)
2018-01-17 11:02:45,090 DEBUG Received PUBLISH (d0, q0, r0, m0), 'ddp/iot', ...  (599 bytes)
2018-01-17 11:02:45,090 ERROR str() takes at most 1 argument (2 given)
2018-01-17 11:02:50,095 DEBUG Received PUBLISH (d0, q0, r0, m0), 'ddp/iot', ...  (603 bytes)
2018-01-17 11:02:50,096 ERROR str() takes at most 1 argument (2 given)
2018-01-17 11:02:55,092 DEBUG Received PUBLISH (d0, q0, r0, m0), 'ddp/iot', ...  (603 bytes)
2018-01-17 11:02:55,092 ERROR str() takes at most 1 argument (2 given)
2018-01-17 11:03:00,088 DEBUG Received PUBLISH (d0, q0, r0, m0), 'ddp/iot', ...  (602 bytes)
2018-01-17 11:03:00,089 ERROR str() takes at most 1 argument (2 given)
2018-01-17 11:03:05,090 DEBUG Received PUBLISH (d0, q0, r0, m0), 'ddp/iot', ...  (600 bytes)
2018-01-17 11:03:05,090 ERROR str() takes at most 1 argument (2 given)
2018-01-17 11:03:10,087 DEBUG Received PUBLISH (d0, q0, r0, m0), 'ddp/iot', ...  (601 bytes)
2018-01-17 11:03:10,087 ERROR str() takes at most 1 argument (2 given)
2018-01-17 11:03:15,091 DEBUG Received PUBLISH (d0, q0, r0, m0), 'ddp/iot', ...  (603 bytes)
2018-01-17 11:03:15,091 ERROR str() takes at most 1 argument (2 given)
2018-01-17 11:03:20,088 DEBUG Received PUBLISH (d0, q0, r0, m0), 'ddp/iot', ...  (601 bytes)
2018-01-17 11:03:20,088 ERROR str() takes at most 1 argument (2 given)
2018-01-17 11:03:25,094 DEBUG Received PUBLISH (d0, q0, r0, m0), 'ddp/iot', ...  (603 bytes)
2018-01-17 11:03:25,094 ERROR str() takes at most 1 argument (2 given)
2018-01-17 11:03:30,088 DEBUG Received PUBLISH (d0, q0, r0, m0), 'ddp/iot', ...  (600 bytes)
2018-01-17 11:03:30,088 ERROR str() takes at most 1 argument (2 given)
2018-01-17 11:03:32,090 DEBUG Sending PINGREQ
2018-01-17 11:03:32,160 DEBUG Received PINGRESP
2018-01-17 11:03:35,086 DEBUG Received PUBLISH (d0, q0, r0, m0), 'ddp/iot', ...  (598 bytes)
2018-01-17 11:03:35,086 ERROR str() takes at most 1 argument (2 given)
2018-01-17 11:03:40,087 DEBUG Received PUBLISH (d0, q0, r0, m0), 'ddp/iot', ...  (603 bytes)
2018-01-17 11:03:40,087 ERROR str() takes at most 1 argument (2 given)
2018-01-17 11:03:45,092 DEBUG Received PUBLISH (d0, q0, r0, m0), 'ddp/iot', ...  (601 bytes)
2018-01-17 11:03:45,093 ERROR str() takes at most 1 argument (2 given)
2018-01-17 11:03:50,087 DEBUG Received PUBLISH (d0, q0, r0, m0), 'ddp/iot', ...  (599 bytes)
2018-01-17 11:03:50,087 ERROR str() takes at most 1 argument (2 given)
2018-01-17 11:03:55,093 DEBUG Received PUBLISH (d0, q0, r0, m0), 'ddp/iot', ...  (603 bytes)
2018-01-17 11:03:55,093 ERROR str() takes at most 1 argument (2 given)
2018-01-17 11:04:00,089 DEBUG Received PUBLISH (d0, q0, r0, m0), 'ddp/iot', ...  (602 bytes)
2018-01-17 11:04:00,089 ERROR str() takes at most 1 argument (2 given)
2018-01-17 11:04:05,094 DEBUG Received PUBLISH (d0, q0, r0, m0), 'ddp/iot', ...  (601 bytes)
2018-01-17 11:04:05,094 ERROR str() takes at most 1 argument (2 given)
2018-01-17 11:04:10,087 DEBUG Received PUBLISH (d0, q0, r0, m0), 'ddp/iot', ...  (600 bytes)
2018-01-17 11:04:10,087 ERROR str() takes at most 1 argument (2 given)
2018-01-17 11:04:15,086 DEBUG Received PUBLISH (d0, q0, r0, m0), 'ddp/iot', ...  (601 bytes)
2018-01-17 11:04:15,087 ERROR str() takes at most 1 argument (2 given)
2018-01-17 11:04:20,093 DEBUG Received PUBLISH (d0, q0, r0, m0), 'ddp/iot', ...  (601 bytes)
2018-01-17 11:04:20,094 ERROR str() takes at most 1 argument (2 given)
2018-01-17 11:04:25,094 DEBUG Received PUBLISH (d0, q0, r0, m0), 'ddp/iot', ...  (604 bytes)
2018-01-17 11:04:25,095 ERROR str() takes at most 1 argument (2 given)
2018-01-17 11:04:30,086 DEBUG Received PUBLISH (d0, q0, r0, m0), 'ddp/iot', ...  (601 bytes)
2018-01-17 11:04:30,086 ERROR str() takes at most 1 argument (2 given)
2018-01-17 11:04:33,090 DEBUG Sending PINGREQ
2018-01-17 11:04:33,159 DEBUG Received PINGRESP
2018-01-17 11:04:35,089 DEBUG Received PUBLISH (d0, q0, r0, m0), 'ddp/iot', ...  (603 bytes)
2018-01-17 11:04:35,090 ERROR str() takes at most 1 argument (2 given)
2018-01-17 11:04:40,090 DEBUG Received PUBLISH (d0, q0, r0, m0), 'ddp/iot', ...  (602 bytes)
2018-01-17 11:04:40,090 ERROR str() takes at most 1 argument (2 given)
2018-01-17 11:04:45,093 DEBUG Received PUBLISH (d0, q0, r0, m0), 'ddp/iot', ...  (600 bytes)
2018-01-17 11:04:45,093 ERROR str() takes at most 1 argument (2 given)
2018-01-17 11:04:50,093 DEBUG Received PUBLISH (d0, q0, r0, m0), 'ddp/iot', ...  (601 bytes)
2018-01-17 11:04:50,094 ERROR str() takes at most 1 argument (2 given)
2018-01-17 11:04:55,092 DEBUG Received PUBLISH (d0, q0, r0, m0), 'ddp/iot', ...  (598 bytes)
2018-01-17 11:04:55,092 ERROR str() takes at most 1 argument (2 given)
2018-01-17 11:05:00,089 DEBUG Received PUBLISH (d0, q0, r0, m0), 'ddp/iot', ...  (603 bytes)
2018-01-17 11:05:00,090 ERROR str() takes at most 1 argument (2 given)
2018-01-17 11:05:05,090 DEBUG Received PUBLISH (d0, q0, r0, m0), 'ddp/iot', ...  (600 bytes)
2018-01-17 11:05:05,090 ERROR str() takes at most 1 argument (2 given)
2018-01-17 11:05:10,089 DEBUG Received PUBLISH (d0, q0, r0, m0), 'ddp/iot', ...  (599 bytes)
2018-01-17 11:05:10,090 ERROR str() takes at most 1 argument (2 given)
2018-01-17 11:05:15,088 DEBUG Received PUBLISH (d0, q0, r0, m0), 'ddp/iot', ...  (601 bytes)
2018-01-17 11:05:15,088 ERROR str() takes at most 1 argument (2 given)
2018-01-17 11:05:20,090 DEBUG Received PUBLISH (d0, q0, r0, m0), 'ddp/iot', ...  (601 bytes)
2018-01-17 11:05:20,090 ERROR str() takes at most 1 argument (2 given)
2018-01-17 11:05:25,091 DEBUG Received PUBLISH (d0, q0, r0, m0), 'ddp/iot', ...  (598 bytes)
2018-01-17 11:05:25,091 ERROR str() takes at most 1 argument (2 given)
2018-01-17 11:05:30,095 DEBUG Received PUBLISH (d0, q0, r0, m0), 'ddp/iot', ...  (602 bytes)
2018-01-17 11:05:30,095 ERROR str() takes at most 1 argument (2 given)
2018-01-17 11:05:33,099 DEBUG Sending PINGREQ
2018-01-17 11:05:33,167 DEBUG Received PINGRESP
2018-01-17 11:05:35,087 DEBUG Received PUBLISH (d0, q0, r0, m0), 'ddp/iot', ...  (602 bytes)
2018-01-17 11:05:35,087 ERROR str() takes at most 1 argument (2 given)
2018-01-17 11:05:40,093 DEBUG Received PUBLISH (d0, q0, r0, m0), 'ddp/iot', ...  (598 bytes)
2018-01-17 11:05:40,093 ERROR str() takes at most 1 argument (2 given)
2018-01-17 11:05:45,087 DEBUG Received PUBLISH (d0, q0, r0, m0), 'ddp/iot', ...  (602 bytes)
2018-01-17 11:05:45,087 ERROR str() takes at most 1 argument (2 given)
2018-01-17 11:05:50,094 DEBUG Received PUBLISH (d0, q0, r0, m0), 'ddp/iot', ...  (604 bytes)
2018-01-17 11:05:50,094 ERROR str() takes at most 1 argument (2 given)
2018-01-17 11:05:55,089 DEBUG Received PUBLISH (d0, q0, r0, m0), 'ddp/iot', ...  (602 bytes)
2018-01-17 11:05:55,089 ERROR str() takes at most 1 argument (2 given)
2018-01-17 11:06:00,089 DEBUG Received PUBLISH (d0, q0, r0, m0), 'ddp/iot', ...  (601 bytes)
2018-01-17 11:06:00,089 ERROR str() takes at most 1 argument (2 given)
2018-01-17 11:06:05,359 DEBUG Received PUBLISH (d0, q0, r0, m0), 'ddp/iot', ...  (599 bytes)
2018-01-17 11:06:05,360 ERROR str() takes at most 1 argument (2 given)
2018-01-17 11:06:10,086 DEBUG Received PUBLISH (d0, q0, r0, m0), 'ddp/iot', ...  (601 bytes)
2018-01-17 11:06:10,086 ERROR str() takes at most 1 argument (2 given)
2018-01-17 11:06:15,093 DEBUG Received PUBLISH (d0, q0, r0, m0), 'ddp/iot', ...  (605 bytes)
2018-01-17 11:06:15,093 ERROR str() takes at most 1 argument (2 given)
2018-01-17 11:06:20,085 DEBUG Received PUBLISH (d0, q0, r0, m0), 'ddp/iot', ...  (599 bytes)
2018-01-17 11:06:20,086 ERROR str() takes at most 1 argument (2 given)
2018-01-17 11:06:25,090 DEBUG Received PUBLISH (d0, q0, r0, m0), 'ddp/iot', ...  (603 bytes)
2018-01-17 11:06:25,090 ERROR str() takes at most 1 argument (2 given)
2018-01-17 11:06:30,087 DEBUG Received PUBLISH (d0, q0, r0, m0), 'ddp/iot', ...  (603 bytes)
2018-01-17 11:06:30,088 ERROR str() takes at most 1 argument (2 given)
2018-01-17 11:06:34,093 DEBUG Sending PINGREQ
2018-01-17 11:06:34,164 DEBUG Received PINGRESP
2018-01-17 11:06:35,088 DEBUG Received PUBLISH (d0, q0, r0, m0), 'ddp/iot', ...  (601 bytes)
2018-01-17 11:06:35,089 ERROR str() takes at most 1 argument (2 given)
2018-01-17 11:06:40,086 DEBUG Received PUBLISH (d0, q0, r0, m0), 'ddp/iot', ...  (601 bytes)
2018-01-17 11:06:40,086 ERROR str() takes at most 1 argument (2 given)
2018-01-17 11:06:45,093 DEBUG Received PUBLISH (d0, q0, r0, m0), 'ddp/iot', ...  (600 bytes)
2018-01-17 11:06:45,093 ERROR str() takes at most 1 argument (2 given)
2018-01-17 11:06:50,090 DEBUG Received PUBLISH (d0, q0, r0, m0), 'ddp/iot', ...  (602 bytes)
2018-01-17 11:06:50,090 ERROR str() takes at most 1 argument (2 given)
2018-01-17 11:06:55,094 DEBUG Received PUBLISH (d0, q0, r0, m0), 'ddp/iot', ...  (602 bytes)
2018-01-17 11:06:55,094 ERROR str() takes at most 1 argument (2 given)
2018-01-17 11:07:00,090 DEBUG Received PUBLISH (d0, q0, r0, m0), 'ddp/iot', ...  (601 bytes)
2018-01-17 11:07:00,091 ERROR str() takes at most 1 argument (2 given)
2018-01-17 11:07:05,095 DEBUG Received PUBLISH (d0, q0, r0, m0), 'ddp/iot', ...  (603 bytes)
2018-01-17 11:07:05,096 ERROR str() takes at most 1 argument (2 given)
2018-01-17 11:07:10,087 DEBUG Received PUBLISH (d0, q0, r0, m0), 'ddp/iot', ...  (598 bytes)
2018-01-17 11:07:10,087 ERROR str() takes at most 1 argument (2 given)
2018-01-17 11:07:15,097 DEBUG Received PUBLISH (d0, q0, r0, m0), 'ddp/iot', ...  (604 bytes)
2018-01-17 11:07:15,098 ERROR str() takes at most 1 argument (2 given)
2018-01-17 11:07:20,086 DEBUG Received PUBLISH (d0, q0, r0, m0), 'ddp/iot', ...  (600 bytes)
2018-01-17 11:07:20,086 ERROR str() takes at most 1 argument (2 given)
2018-01-17 11:07:25,087 DEBUG Received PUBLISH (d0, q0, r0, m0), 'ddp/iot', ...  (601 bytes)
2018-01-17 11:07:25,088 ERROR str() takes at most 1 argument (2 given)
2018-01-17 11:07:30,089 DEBUG Received PUBLISH (d0, q0, r0, m0), 'ddp/iot', ...  (599 bytes)
2018-01-17 11:07:30,089 ERROR str() takes at most 1 argument (2 given)
2018-01-17 11:07:34,094 DEBUG Sending PINGREQ
2018-01-17 11:07:34,164 DEBUG Received PINGRESP
2018-01-17 11:07:35,086 DEBUG Received PUBLISH (d0, q0, r0, m0), 'ddp/iot', ...  (600 bytes)
2018-01-17 11:07:35,087 ERROR str() takes at most 1 argument (2 given)
2018-01-17 11:07:40,086 DEBUG Received PUBLISH (d0, q0, r0, m0), 'ddp/iot', ...  (599 bytes)
2018-01-17 11:07:40,086 ERROR str() takes at most 1 argument (2 given)
2018-01-17 11:07:45,094 DEBUG Received PUBLISH (d0, q0, r0, m0), 'ddp/iot', ...  (598 bytes)
2018-01-17 11:07:45,095 ERROR str() takes at most 1 argument (2 given)
2018-01-17 11:07:50,093 DEBUG Received PUBLISH (d0, q0, r0, m0), 'ddp/iot', ...  (599 bytes)
2018-01-17 11:07:50,093 ERROR str() takes at most 1 argument (2 given)
2018-01-17 11:07:55,088 DEBUG Received PUBLISH (d0, q0, r0, m0), 'ddp/iot', ...  (600 bytes)
2018-01-17 11:07:55,088 ERROR str() takes at most 1 argument (2 given)
2018-01-17 11:08:00,087 DEBUG Received PUBLISH (d0, q0, r0, m0), 'ddp/iot', ...  (603 bytes)
2018-01-17 11:08:00,088 ERROR str() takes at most 1 argument (2 given)
2018-01-17 11:08:05,088 DEBUG Received PUBLISH (d0, q0, r0, m0), 'ddp/iot', ...  (602 bytes)
2018-01-17 11:08:05,088 ERROR str() takes at most 1 argument (2 given)
2018-01-17 11:08:10,090 DEBUG Received PUBLISH (d0, q0, r0, m0), 'ddp/iot', ...  (602 bytes)
2018-01-17 11:08:10,090 ERROR str() takes at most 1 argument (2 given)
2018-01-17 11:08:15,090 DEBUG Received PUBLISH (d0, q0, r0, m0), 'ddp/iot', ...  (603 bytes)
2018-01-17 11:08:15,091 ERROR str() takes at most 1 argument (2 given)
2018-01-17 11:08:20,094 DEBUG Received PUBLISH (d0, q0, r0, m0), 'ddp/iot', ...  (604 bytes)
2018-01-17 11:08:20,095 ERROR str() takes at most 1 argument (2 given)
2018-01-17 11:08:25,093 DEBUG Received PUBLISH (d0, q0, r0, m0), 'ddp/iot', ...  (602 bytes)
2018-01-17 11:08:25,094 ERROR str() takes at most 1 argument (2 given)
2018-01-17 11:08:30,086 DEBUG Received PUBLISH (d0, q0, r0, m0), 'ddp/iot', ...  (601 bytes)
2018-01-17 11:08:30,086 ERROR str() takes at most 1 argument (2 given)
2018-01-17 11:08:35,086 DEBUG Received PUBLISH (d0, q0, r0, m0), 'ddp/iot', ...  (602 bytes)
2018-01-17 11:08:35,086 ERROR str() takes at most 1 argument (2 given)
2018-01-17 11:08:35,086 DEBUG Sending PINGREQ
2018-01-17 11:08:35,153 DEBUG Received PINGRESP
2018-01-17 11:08:40,098 DEBUG Received PUBLISH (d0, q0, r0, m0), 'ddp/iot', ...  (604 bytes)
2018-01-17 11:08:40,099 ERROR str() takes at most 1 argument (2 given)
2018-01-17 11:08:45,089 DEBUG Received PUBLISH (d0, q0, r0, m0), 'ddp/iot', ...  (603 bytes)
2018-01-17 11:08:45,089 ERROR str() takes at most 1 argument (2 given)
2018-01-17 11:08:50,089 DEBUG Received PUBLISH (d0, q0, r0, m0), 'ddp/iot', ...  (602 bytes)
2018-01-17 11:08:50,090 ERROR str() takes at most 1 argument (2 given)
2018-01-17 11:08:55,086 DEBUG Received PUBLISH (d0, q0, r0, m0), 'ddp/iot', ...  (601 bytes)
2018-01-17 11:08:55,087 ERROR str() takes at most 1 argument (2 given)
2018-01-17 11:09:00,093 DEBUG Received PUBLISH (d0, q0, r0, m0), 'ddp/iot', ...  (601 bytes)
2018-01-17 11:09:00,094 ERROR str() takes at most 1 argument (2 given)
2018-01-17 11:09:05,091 DEBUG Received PUBLISH (d0, q0, r0, m0), 'ddp/iot', ...  (599 bytes)
2018-01-17 11:09:05,091 ERROR str() takes at most 1 argument (2 given)
2018-01-17 11:09:10,086 DEBUG Received PUBLISH (d0, q0, r0, m0), 'ddp/iot', ...  (600 bytes)
2018-01-17 11:09:10,086 ERROR str() takes at most 1 argument (2 given)
2018-01-17 11:09:15,095 DEBUG Received PUBLISH (d0, q0, r0, m0), 'ddp/iot', ...  (596 bytes)
2018-01-17 11:09:15,095 ERROR str() takes at most 1 argument (2 given)
2018-01-17 11:09:20,090 DEBUG Received PUBLISH (d0, q0, r0, m0), 'ddp/iot', ...  (600 bytes)
2018-01-17 11:09:20,091 ERROR str() takes at most 1 argument (2 given)
2018-01-17 11:09:25,095 DEBUG Received PUBLISH (d0, q0, r0, m0), 'ddp/iot', ...  (598 bytes)
2018-01-17 11:09:25,096 ERROR str() takes at most 1 argument (2 given)
2018-01-17 11:09:30,086 DEBUG Received PUBLISH (d0, q0, r0, m0), 'ddp/iot', ...  (601 bytes)
2018-01-17 11:09:30,087 ERROR str() takes at most 1 argument (2 given)
2018-01-17 11:09:35,089 DEBUG Received PUBLISH (d0, q0, r0, m0), 'ddp/iot', ...  (601 bytes)
2018-01-17 11:09:35,090 ERROR str() takes at most 1 argument (2 given)
2018-01-17 11:09:35,090 DEBUG Sending PINGREQ
2018-01-17 11:09:35,158 DEBUG Received PINGRESP
2018-01-17 11:09:40,091 DEBUG Received PUBLISH (d0, q0, r0, m0), 'ddp/iot', ...  (601 bytes)
2018-01-17 11:09:40,091 ERROR str() takes at most 1 argument (2 given)
2018-01-17 11:09:45,086 DEBUG Received PUBLISH (d0, q0, r0, m0), 'ddp/iot', ...  (602 bytes)
2018-01-17 11:09:45,087 ERROR str() takes at most 1 argument (2 given)
2018-01-17 11:09:50,093 DEBUG Received PUBLISH (d0, q0, r0, m0), 'ddp/iot', ...  (601 bytes)
2018-01-17 11:09:50,094 ERROR str() takes at most 1 argument (2 given)
2018-01-17 11:09:55,090 DEBUG Received PUBLISH (d0, q0, r0, m0), 'ddp/iot', ...  (603 bytes)
2018-01-17 11:09:55,090 ERROR str() takes at most 1 argument (2 given)
2018-01-17 11:10:00,089 DEBUG Received PUBLISH (d0, q0, r0, m0), 'ddp/iot', ...  (600 bytes)
2018-01-17 11:10:00,089 ERROR str() takes at most 1 argument (2 given)
2018-01-17 11:10:05,089 DEBUG Received PUBLISH (d0, q0, r0, m0), 'ddp/iot', ...  (601 bytes)
2018-01-17 11:10:05,090 ERROR str() takes at most 1 argument (2 given)
2018-01-17 11:10:10,087 DEBUG Received PUBLISH (d0, q0, r0, m0), 'ddp/iot', ...  (602 bytes)
2018-01-17 11:10:10,087 ERROR str() takes at most 1 argument (2 given)
2018-01-17 11:10:15,089 DEBUG Received PUBLISH (d0, q0, r0, m0), 'ddp/iot', ...  (600 bytes)
2018-01-17 11:10:15,089 ERROR str() takes at most 1 argument (2 given)
2018-01-17 11:10:20,087 DEBUG Received PUBLISH (d0, q0, r0, m0), 'ddp/iot', ...  (602 bytes)
2018-01-17 11:10:20,087 ERROR str() takes at most 1 argument (2 given)
2018-01-17 11:10:25,129 DEBUG Received PUBLISH (d0, q0, r0, m0), 'ddp/iot', ...  (601 bytes)
2018-01-17 11:10:25,129 ERROR str() takes at most 1 argument (2 given)
2018-01-17 11:10:30,101 DEBUG Received PUBLISH (d0, q0, r0, m0), 'ddp/iot', ...  (602 bytes)
2018-01-17 11:10:30,102 ERROR str() takes at most 1 argument (2 given)
2018-01-17 11:10:35,086 DEBUG Received PUBLISH (d0, q0, r0, m0), 'ddp/iot', ...  (602 bytes)
2018-01-17 11:10:35,086 ERROR str() takes at most 1 argument (2 given)
2018-01-17 11:10:36,088 DEBUG Sending PINGREQ
2018-01-17 11:10:36,157 DEBUG Received PINGRESP
2018-01-17 11:10:40,094 DEBUG Received PUBLISH (d0, q0, r0, m0), 'ddp/iot', ...  (603 bytes)
2018-01-17 11:10:40,094 ERROR str() takes at most 1 argument (2 given)
2018-01-17 11:10:45,095 DEBUG Received PUBLISH (d0, q0, r0, m0), 'ddp/iot', ...  (599 bytes)
2018-01-17 11:10:45,096 ERROR str() takes at most 1 argument (2 given)
2018-01-17 11:10:50,087 DEBUG Received PUBLISH (d0, q0, r0, m0), 'ddp/iot', ...  (602 bytes)
2018-01-17 11:10:50,088 ERROR str() takes at most 1 argument (2 given)
2018-01-17 11:10:55,089 DEBUG Received PUBLISH (d0, q0, r0, m0), 'ddp/iot', ...  (601 bytes)
2018-01-17 11:10:55,090 ERROR str() takes at most 1 argument (2 given)
2018-01-17 11:11:00,090 DEBUG Received PUBLISH (d0, q0, r0, m0), 'ddp/iot', ...  (601 bytes)
2018-01-17 11:11:00,090 ERROR str() takes at most 1 argument (2 given)
2018-01-17 11:11:05,087 DEBUG Received PUBLISH (d0, q0, r0, m0), 'ddp/iot', ...  (602 bytes)
2018-01-17 11:11:05,088 ERROR str() takes at most 1 argument (2 given)
2018-01-17 11:11:10,093 DEBUG Received PUBLISH (d0, q0, r0, m0), 'ddp/iot', ...  (604 bytes)
2018-01-17 11:11:10,094 ERROR str() takes at most 1 argument (2 given)
2018-01-17 11:11:15,088 DEBUG Received PUBLISH (d0, q0, r0, m0), 'ddp/iot', ...  (602 bytes)
2018-01-17 11:11:15,088 ERROR str() takes at most 1 argument (2 given)
2018-01-17 11:11:20,086 DEBUG Received PUBLISH (d0, q0, r0, m0), 'ddp/iot', ...  (603 bytes)
2018-01-17 11:11:20,086 ERROR str() takes at most 1 argument (2 given)
2018-01-17 11:11:25,086 DEBUG Received PUBLISH (d0, q0, r0, m0), 'ddp/iot', ...  (599 bytes)
2018-01-17 11:11:25,087 ERROR str() takes at most 1 argument (2 given)
2018-01-17 11:11:30,095 DEBUG Received PUBLISH (d0, q0, r0, m0), 'ddp/iot', ...  (598 bytes)
2018-01-17 11:11:30,096 ERROR str() takes at most 1 argument (2 given)
2018-01-17 11:11:35,085 DEBUG Received PUBLISH (d0, q0, r0, m0), 'ddp/iot', ...  (601 bytes)
2018-01-17 11:11:35,086 ERROR str() takes at most 1 argument (2 given)
2018-01-17 11:11:37,088 DEBUG Sending PINGREQ
2018-01-17 11:11:37,155 DEBUG Received PINGRESP
2018-01-17 11:11:40,091 DEBUG Received PUBLISH (d0, q0, r0, m0), 'ddp/iot', ...  (600 bytes)
2018-01-17 11:11:40,091 ERROR str() takes at most 1 argument (2 given)
2018-01-17 11:11:45,088 DEBUG Received PUBLISH (d0, q0, r0, m0), 'ddp/iot', ...  (602 bytes)
2018-01-17 11:11:45,088 ERROR str() takes at most 1 argument (2 given)
2018-01-17 11:11:50,098 DEBUG Received PUBLISH (d0, q0, r0, m0), 'ddp/iot', ...  (605 bytes)
2018-01-17 11:11:50,099 ERROR str() takes at most 1 argument (2 given)
2018-01-17 11:11:55,085 DEBUG Received PUBLISH (d0, q0, r0, m0), 'ddp/iot', ...  (601 bytes)
2018-01-17 11:11:55,086 ERROR str() takes at most 1 argument (2 given)
2018-01-17 11:12:00,091 DEBUG Received PUBLISH (d0, q0, r0, m0), 'ddp/iot', ...  (604 bytes)
2018-01-17 11:12:00,092 ERROR str() takes at most 1 argument (2 given)
2018-01-17 11:12:05,142 DEBUG Received PUBLISH (d0, q0, r0, m0), 'ddp/iot', ...  (602 bytes)
2018-01-17 11:12:05,142 ERROR str() takes at most 1 argument (2 given)
2018-01-17 11:12:10,089 DEBUG Received PUBLISH (d0, q0, r0, m0), 'ddp/iot', ...  (602 bytes)
2018-01-17 11:12:10,090 ERROR str() takes at most 1 argument (2 given)
2018-01-17 11:12:15,086 DEBUG Received PUBLISH (d0, q0, r0, m0), 'ddp/iot', ...  (601 bytes)
2018-01-17 11:12:15,087 ERROR str() takes at most 1 argument (2 given)
2018-01-17 11:12:20,093 DEBUG Received PUBLISH (d0, q0, r0, m0), 'ddp/iot', ...  (600 bytes)
2018-01-17 11:12:20,093 ERROR str() takes at most 1 argument (2 given)
2018-01-17 11:12:25,094 DEBUG Received PUBLISH (d0, q0, r0, m0), 'ddp/iot', ...  (604 bytes)
2018-01-17 11:12:25,095 ERROR str() takes at most 1 argument (2 given)
2018-01-17 11:12:30,090 DEBUG Received PUBLISH (d0, q0, r0, m0), 'ddp/iot', ...  (602 bytes)
2018-01-17 11:12:30,090 ERROR str() takes at most 1 argument (2 given)
2018-01-17 11:12:35,094 DEBUG Received PUBLISH (d0, q0, r0, m0), 'ddp/iot', ...  (599 bytes)
2018-01-17 11:12:35,095 ERROR str() takes at most 1 argument (2 given)
2018-01-17 11:12:37,097 DEBUG Sending PINGREQ
2018-01-17 11:12:37,167 DEBUG Received PINGRESP
2018-01-17 11:12:40,091 DEBUG Received PUBLISH (d0, q0, r0, m0), 'ddp/iot', ...  (600 bytes)
2018-01-17 11:12:40,091 ERROR str() takes at most 1 argument (2 given)
2018-01-17 11:12:45,096 DEBUG Received PUBLISH (d0, q0, r0, m0), 'ddp/iot', ...  (599 bytes)
2018-01-17 11:12:45,096 ERROR str() takes at most 1 argument (2 given)
2018-01-17 11:12:50,086 DEBUG Received PUBLISH (d0, q0, r0, m0), 'ddp/iot', ...  (600 bytes)
2018-01-17 11:12:50,087 ERROR str() takes at most 1 argument (2 given)
2018-01-17 11:12:55,092 DEBUG Received PUBLISH (d0, q0, r0, m0), 'ddp/iot', ...  (602 bytes)
2018-01-17 11:12:55,092 ERROR str() takes at most 1 argument (2 given)
2018-01-17 11:13:00,090 DEBUG Received PUBLISH (d0, q0, r0, m0), 'ddp/iot', ...  (603 bytes)
2018-01-17 11:13:00,090 ERROR str() takes at most 1 argument (2 given)
2018-01-17 11:13:05,087 DEBUG Received PUBLISH (d0, q0, r0, m0), 'ddp/iot', ...  (602 bytes)
2018-01-17 11:13:05,087 ERROR str() takes at most 1 argument (2 given)
2018-01-17 11:13:10,088 DEBUG Received PUBLISH (d0, q0, r0, m0), 'ddp/iot', ...  (602 bytes)
2018-01-17 11:13:10,089 ERROR str() takes at most 1 argument (2 given)
2018-01-17 11:13:15,093 DEBUG Received PUBLISH (d0, q0, r0, m0), 'ddp/iot', ...  (602 bytes)
2018-01-17 11:13:15,093 ERROR str() takes at most 1 argument (2 given)
2018-01-17 11:13:20,086 DEBUG Received PUBLISH (d0, q0, r0, m0), 'ddp/iot', ...  (599 bytes)
2018-01-17 11:13:20,086 ERROR str() takes at most 1 argument (2 given)
2018-01-17 11:13:25,091 DEBUG Received PUBLISH (d0, q0, r0, m0), 'ddp/iot', ...  (601 bytes)
2018-01-17 11:13:25,091 ERROR str() takes at most 1 argument (2 given)
2018-01-17 11:13:30,085 DEBUG Received PUBLISH (d0, q0, r0, m0), 'ddp/iot', ...  (604 bytes)
2018-01-17 11:13:30,086 ERROR str() takes at most 1 argument (2 given)
2018-01-17 11:13:35,093 DEBUG Received PUBLISH (d0, q0, r0, m0), 'ddp/iot', ...  (603 bytes)
2018-01-17 11:13:35,093 ERROR str() takes at most 1 argument (2 given)
2018-01-17 11:13:38,097 DEBUG Sending PINGREQ
2018-01-17 11:13:38,165 DEBUG Received PINGRESP
2018-01-17 11:13:40,091 DEBUG Received PUBLISH (d0, q0, r0, m0), 'ddp/iot', ...  (602 bytes)
2018-01-17 11:13:40,092 ERROR str() takes at most 1 argument (2 given)
2018-01-17 11:13:45,086 DEBUG Received PUBLISH (d0, q0, r0, m0), 'ddp/iot', ...  (601 bytes)
2018-01-17 11:13:45,086 ERROR str() takes at most 1 argument (2 given)
2018-01-17 11:13:50,088 DEBUG Received PUBLISH (d0, q0, r0, m0), 'ddp/iot', ...  (605 bytes)
2018-01-17 11:13:50,089 ERROR str() takes at most 1 argument (2 given)
2018-01-17 11:13:55,093 DEBUG Received PUBLISH (d0, q0, r0, m0), 'ddp/iot', ...  (599 bytes)
2018-01-17 11:13:55,094 ERROR str() takes at most 1 argument (2 given)
2018-01-17 11:14:00,088 DEBUG Received PUBLISH (d0, q0, r0, m0), 'ddp/iot', ...  (603 bytes)
2018-01-17 11:14:00,088 ERROR str() takes at most 1 argument (2 given)
2018-01-17 11:14:05,091 DEBUG Received PUBLISH (d0, q0, r0, m0), 'ddp/iot', ...  (603 bytes)
2018-01-17 11:14:05,091 ERROR str() takes at most 1 argument (2 given)
2018-01-17 11:14:10,087 DEBUG Received PUBLISH (d0, q0, r0, m0), 'ddp/iot', ...  (604 bytes)
2018-01-17 11:14:10,087 ERROR str() takes at most 1 argument (2 given)
2018-01-17 11:14:15,088 DEBUG Received PUBLISH (d0, q0, r0, m0), 'ddp/iot', ...  (603 bytes)
2018-01-17 11:14:15,088 ERROR str() takes at most 1 argument (2 given)
2018-01-17 11:14:20,086 DEBUG Received PUBLISH (d0, q0, r0, m0), 'ddp/iot', ...  (596 bytes)
2018-01-17 11:14:20,087 ERROR str() takes at most 1 argument (2 given)
2018-01-17 11:14:25,087 DEBUG Received PUBLISH (d0, q0, r0, m0), 'ddp/iot', ...  (604 bytes)
2018-01-17 11:14:25,088 ERROR str() takes at most 1 argument (2 given)
2018-01-17 11:14:30,086 DEBUG Received PUBLISH (d0, q0, r0, m0), 'ddp/iot', ...  (600 bytes)
2018-01-17 11:14:30,086 ERROR str() takes at most 1 argument (2 given)
2018-01-17 11:14:35,086 DEBUG Received PUBLISH (d0, q0, r0, m0), 'ddp/iot', ...  (603 bytes)
2018-01-17 11:14:35,087 ERROR str() takes at most 1 argument (2 given)
2018-01-17 11:14:39,092 DEBUG Sending PINGREQ
2018-01-17 11:14:39,159 DEBUG Received PINGRESP
2018-01-17 11:14:40,092 DEBUG Received PUBLISH (d0, q0, r0, m0), 'ddp/iot', ...  (602 bytes)
2018-01-17 11:14:40,093 ERROR str() takes at most 1 argument (2 given)
2018-01-17 11:14:45,095 DEBUG Received PUBLISH (d0, q0, r0, m0), 'ddp/iot', ...  (603 bytes)
2018-01-17 11:14:45,096 ERROR str() takes at most 1 argument (2 given)
2018-01-17 11:14:50,087 DEBUG Received PUBLISH (d0, q0, r0, m0), 'ddp/iot', ...  (600 bytes)
2018-01-17 11:14:50,088 ERROR str() takes at most 1 argument (2 given)
2018-01-17 11:14:55,087 DEBUG Received PUBLISH (d0, q0, r0, m0), 'ddp/iot', ...  (602 bytes)
2018-01-17 11:14:55,087 ERROR str() takes at most 1 argument (2 given)
2018-01-17 11:15:00,087 DEBUG Received PUBLISH (d0, q0, r0, m0), 'ddp/iot', ...  (602 bytes)
2018-01-17 11:15:00,087 ERROR str() takes at most 1 argument (2 given)
2018-01-17 11:15:05,090 DEBUG Received PUBLISH (d0, q0, r0, m0), 'ddp/iot', ...  (601 bytes)
2018-01-17 11:15:05,090 ERROR str() takes at most 1 argument (2 given)
2018-01-17 11:15:10,088 DEBUG Received PUBLISH (d0, q0, r0, m0), 'ddp/iot', ...  (601 bytes)
2018-01-17 11:15:10,088 ERROR str() takes at most 1 argument (2 given)
2018-01-17 11:15:15,086 DEBUG Received PUBLISH (d0, q0, r0, m0), 'ddp/iot', ...  (604 bytes)
2018-01-17 11:15:15,087 ERROR str() takes at most 1 argument (2 given)
2018-01-17 11:15:20,086 DEBUG Received PUBLISH (d0, q0, r0, m0), 'ddp/iot', ...  (604 bytes)
2018-01-17 11:15:20,087 ERROR str() takes at most 1 argument (2 given)
2018-01-17 11:15:25,093 DEBUG Received PUBLISH (d0, q0, r0, m0), 'ddp/iot', ...  (601 bytes)
2018-01-17 11:15:25,094 ERROR str() takes at most 1 argument (2 given)
2018-01-17 11:15:30,092 DEBUG Received PUBLISH (d0, q0, r0, m0), 'ddp/iot', ...  (604 bytes)
2018-01-17 11:15:30,092 ERROR str() takes at most 1 argument (2 given)
2018-01-17 11:15:35,093 DEBUG Received PUBLISH (d0, q0, r0, m0), 'ddp/iot', ...  (600 bytes)
2018-01-17 11:15:35,094 ERROR str() takes at most 1 argument (2 given)
2018-01-17 11:15:39,099 DEBUG Sending PINGREQ
2018-01-17 11:15:39,167 DEBUG Received PINGRESP
2018-01-17 11:15:40,088 DEBUG Received PUBLISH (d0, q0, r0, m0), 'ddp/iot', ...  (601 bytes)
2018-01-17 11:15:40,088 ERROR str() takes at most 1 argument (2 given)
2018-01-17 11:15:45,086 DEBUG Received PUBLISH (d0, q0, r0, m0), 'ddp/iot', ...  (602 bytes)
2018-01-17 11:15:45,087 ERROR str() takes at most 1 argument (2 given)
2018-01-17 11:15:50,090 DEBUG Received PUBLISH (d0, q0, r0, m0), 'ddp/iot', ...  (600 bytes)
2018-01-17 11:15:50,090 ERROR str() takes at most 1 argument (2 given)
2018-01-17 11:15:55,091 DEBUG Received PUBLISH (d0, q0, r0, m0), 'ddp/iot', ...  (600 bytes)
2018-01-17 11:15:55,091 ERROR str() takes at most 1 argument (2 given)
2018-01-17 11:16:00,088 DEBUG Received PUBLISH (d0, q0, r0, m0), 'ddp/iot', ...  (601 bytes)
2018-01-17 11:16:00,089 ERROR str() takes at most 1 argument (2 given)
2018-01-17 11:16:05,088 DEBUG Received PUBLISH (d0, q0, r0, m0), 'ddp/iot', ...  (602 bytes)
2018-01-17 11:16:05,088 ERROR str() takes at most 1 argument (2 given)
2018-01-17 11:16:10,085 DEBUG Received PUBLISH (d0, q0, r0, m0), 'ddp/iot', ...  (604 bytes)
2018-01-17 11:16:10,086 ERROR str() takes at most 1 argument (2 given)
2018-01-17 11:16:15,090 DEBUG Received PUBLISH (d0, q0, r0, m0), 'ddp/iot', ...  (602 bytes)
2018-01-17 11:16:15,090 ERROR str() takes at most 1 argument (2 given)
2018-01-17 11:16:20,087 DEBUG Received PUBLISH (d0, q0, r0, m0), 'ddp/iot', ...  (598 bytes)
2018-01-17 11:16:20,088 ERROR str() takes at most 1 argument (2 given)
2018-01-17 11:16:25,086 DEBUG Received PUBLISH (d0, q0, r0, m0), 'ddp/iot', ...  (602 bytes)
2018-01-17 11:16:25,087 ERROR str() takes at most 1 argument (2 given)
2018-01-17 11:16:30,087 DEBUG Received PUBLISH (d0, q0, r0, m0), 'ddp/iot', ...  (603 bytes)
2018-01-17 11:16:30,087 ERROR str() takes at most 1 argument (2 given)
2018-01-17 11:16:35,088 DEBUG Received PUBLISH (d0, q0, r0, m0), 'ddp/iot', ...  (602 bytes)
2018-01-17 11:16:35,089 ERROR str() takes at most 1 argument (2 given)
2018-01-17 14:50:47,880 INFO mqtt broker:54.179.158.64, port:1883 
2018-01-17 14:50:48,019 DEBUG Received CONNACK (0, 0)
2018-01-17 14:50:48,088 DEBUG Received SUBACK
2018-01-17 14:50:48,155 DEBUG Received SUBACK
2018-01-17 14:50:48,259 DEBUG Received SUBACK
2018-01-17 14:50:48,259 DEBUG Received SUBACK
2018-01-17 14:50:48,259 DEBUG Received SUBACK
2018-01-17 14:50:50,086 DEBUG Received PUBLISH (d0, q0, r0, m0), 'ddp/iot', ...  (603 bytes)
2018-01-17 14:50:50,086 ERROR str() takes at most 1 argument (2 given)
2018-01-17 14:50:55,087 DEBUG Received PUBLISH (d0, q0, r0, m0), 'ddp/iot', ...  (601 bytes)
2018-01-17 14:50:55,088 ERROR str() takes at most 1 argument (2 given)
2018-01-17 14:51:00,093 DEBUG Received PUBLISH (d0, q0, r0, m0), 'ddp/iot', ...  (602 bytes)
2018-01-17 14:51:00,093 ERROR str() takes at most 1 argument (2 given)
2018-01-17 14:51:05,096 DEBUG Received PUBLISH (d0, q0, r0, m0), 'ddp/iot', ...  (602 bytes)
2018-01-17 14:51:05,097 ERROR str() takes at most 1 argument (2 given)
2018-01-17 14:51:10,086 DEBUG Received PUBLISH (d0, q0, r0, m0), 'ddp/iot', ...  (600 bytes)
2018-01-17 14:51:10,086 ERROR str() takes at most 1 argument (2 given)
2018-01-17 14:51:15,095 DEBUG Received PUBLISH (d0, q0, r0, m0), 'ddp/iot', ...  (602 bytes)
2018-01-17 14:51:15,095 ERROR str() takes at most 1 argument (2 given)
2018-01-17 14:51:20,096 DEBUG Received PUBLISH (d0, q0, r0, m0), 'ddp/iot', ...  (604 bytes)
2018-01-17 14:51:20,096 ERROR str() takes at most 1 argument (2 given)
2018-01-17 14:51:25,091 DEBUG Received PUBLISH (d0, q0, r0, m0), 'ddp/iot', ...  (599 bytes)
2018-01-17 14:51:25,091 ERROR str() takes at most 1 argument (2 given)
2018-01-17 14:51:30,088 DEBUG Received PUBLISH (d0, q0, r0, m0), 'ddp/iot', ...  (600 bytes)
2018-01-17 14:51:30,088 ERROR str() takes at most 1 argument (2 given)
2018-01-17 14:51:35,094 DEBUG Received PUBLISH (d0, q0, r0, m0), 'ddp/iot', ...  (601 bytes)
2018-01-17 14:51:35,095 ERROR str() takes at most 1 argument (2 given)
2018-01-17 14:51:40,094 DEBUG Received PUBLISH (d0, q0, r0, m0), 'ddp/iot', ...  (601 bytes)
2018-01-17 14:51:40,094 ERROR str() takes at most 1 argument (2 given)
2018-01-17 14:51:45,091 DEBUG Received PUBLISH (d0, q0, r0, m0), 'ddp/iot', ...  (599 bytes)
2018-01-17 14:51:45,092 ERROR str() takes at most 1 argument (2 given)
2018-01-17 14:51:48,096 DEBUG Sending PINGREQ
2018-01-17 14:51:48,165 DEBUG Received PINGRESP
2018-01-17 14:51:50,092 DEBUG Received PUBLISH (d0, q0, r0, m0), 'ddp/iot', ...  (603 bytes)
2018-01-17 14:51:50,092 ERROR str() takes at most 1 argument (2 given)
2018-01-17 14:51:55,087 DEBUG Received PUBLISH (d0, q0, r0, m0), 'ddp/iot', ...  (602 bytes)
2018-01-17 14:51:55,087 ERROR str() takes at most 1 argument (2 given)
2018-01-17 14:52:00,086 DEBUG Received PUBLISH (d0, q0, r0, m0), 'ddp/iot', ...  (601 bytes)
2018-01-17 14:52:00,086 ERROR str() takes at most 1 argument (2 given)
2018-01-17 14:52:05,090 DEBUG Received PUBLISH (d0, q0, r0, m0), 'ddp/iot', ...  (602 bytes)
2018-01-17 14:52:05,090 ERROR str() takes at most 1 argument (2 given)
2018-01-17 14:52:10,092 DEBUG Received PUBLISH (d0, q0, r0, m0), 'ddp/iot', ...  (602 bytes)
2018-01-17 14:52:10,093 ERROR str() takes at most 1 argument (2 given)
2018-01-17 14:52:15,091 DEBUG Received PUBLISH (d0, q0, r0, m0), 'ddp/iot', ...  (600 bytes)
2018-01-17 14:52:15,091 ERROR str() takes at most 1 argument (2 given)
2018-01-17 14:52:20,089 DEBUG Received PUBLISH (d0, q0, r0, m0), 'ddp/iot', ...  (602 bytes)
2018-01-17 14:52:20,090 ERROR str() takes at most 1 argument (2 given)
2018-01-17 14:52:25,093 DEBUG Received PUBLISH (d0, q0, r0, m0), 'ddp/iot', ...  (602 bytes)
2018-01-17 14:52:25,094 ERROR str() takes at most 1 argument (2 given)
2018-01-17 14:52:30,087 DEBUG Received PUBLISH (d0, q0, r0, m0), 'ddp/iot', ...  (599 bytes)
2018-01-17 14:52:30,088 ERROR str() takes at most 1 argument (2 given)
2018-01-17 14:52:35,091 DEBUG Received PUBLISH (d0, q0, r0, m0), 'ddp/iot', ...  (601 bytes)
2018-01-17 14:52:35,092 ERROR str() takes at most 1 argument (2 given)
2018-01-17 14:52:40,087 DEBUG Received PUBLISH (d0, q0, r0, m0), 'ddp/iot', ...  (600 bytes)
2018-01-17 14:52:40,087 ERROR str() takes at most 1 argument (2 given)
2018-01-17 14:52:45,093 DEBUG Received PUBLISH (d0, q0, r0, m0), 'ddp/iot', ...  (602 bytes)
2018-01-17 14:52:45,093 ERROR str() takes at most 1 argument (2 given)
2018-01-17 14:52:48,097 DEBUG Sending PINGREQ
2018-01-17 14:52:48,166 DEBUG Received PINGRESP
2018-01-17 14:52:50,089 DEBUG Received PUBLISH (d0, q0, r0, m0), 'ddp/iot', ...  (602 bytes)
2018-01-17 14:52:50,089 ERROR str() takes at most 1 argument (2 given)
2018-01-17 14:52:55,089 DEBUG Received PUBLISH (d0, q0, r0, m0), 'ddp/iot', ...  (603 bytes)
2018-01-17 14:52:55,089 ERROR str() takes at most 1 argument (2 given)
2018-01-17 14:53:00,089 DEBUG Received PUBLISH (d0, q0, r0, m0), 'ddp/iot', ...  (601 bytes)
2018-01-17 14:53:00,089 ERROR str() takes at most 1 argument (2 given)
2018-01-17 14:53:05,093 DEBUG Received PUBLISH (d0, q0, r0, m0), 'ddp/iot', ...  (603 bytes)
2018-01-17 14:53:05,094 ERROR str() takes at most 1 argument (2 given)
2018-01-17 14:53:10,094 DEBUG Received PUBLISH (d0, q0, r0, m0), 'ddp/iot', ...  (603 bytes)
2018-01-17 14:53:10,095 ERROR str() takes at most 1 argument (2 given)
2018-01-17 14:53:15,089 DEBUG Received PUBLISH (d0, q0, r0, m0), 'ddp/iot', ...  (602 bytes)
2018-01-17 14:53:15,090 ERROR str() takes at most 1 argument (2 given)
2018-01-17 14:53:20,090 DEBUG Received PUBLISH (d0, q0, r0, m0), 'ddp/iot', ...  (603 bytes)
2018-01-17 14:53:20,090 ERROR str() takes at most 1 argument (2 given)
2018-01-17 14:53:25,095 DEBUG Received PUBLISH (d0, q0, r0, m0), 'ddp/iot', ...  (602 bytes)
2018-01-17 14:53:25,096 ERROR str() takes at most 1 argument (2 given)
2018-01-17 14:53:30,087 DEBUG Received PUBLISH (d0, q0, r0, m0), 'ddp/iot', ...  (600 bytes)
2018-01-17 14:53:30,087 ERROR str() takes at most 1 argument (2 given)
2018-01-17 14:53:35,110 DEBUG Received PUBLISH (d0, q0, r0, m0), 'ddp/iot', ...  (598 bytes)
2018-01-17 14:53:35,110 ERROR str() takes at most 1 argument (2 given)
2018-01-17 14:53:40,088 DEBUG Received PUBLISH (d0, q0, r0, m0), 'ddp/iot', ...  (602 bytes)
2018-01-17 14:53:40,088 ERROR str() takes at most 1 argument (2 given)
2018-01-17 14:53:45,087 DEBUG Received PUBLISH (d0, q0, r0, m0), 'ddp/iot', ...  (598 bytes)
2018-01-17 14:53:45,088 ERROR str() takes at most 1 argument (2 given)
2018-01-17 14:53:49,093 DEBUG Sending PINGREQ
2018-01-17 14:53:49,160 DEBUG Received PINGRESP
2018-01-17 14:53:50,095 DEBUG Received PUBLISH (d0, q0, r0, m0), 'ddp/iot', ...  (604 bytes)
2018-01-17 14:53:50,096 ERROR str() takes at most 1 argument (2 given)
2018-01-17 14:53:55,092 DEBUG Received PUBLISH (d0, q0, r0, m0), 'ddp/iot', ...  (597 bytes)
2018-01-17 14:53:55,093 ERROR str() takes at most 1 argument (2 given)
2018-01-17 14:54:00,087 DEBUG Received PUBLISH (d0, q0, r0, m0), 'ddp/iot', ...  (600 bytes)
2018-01-17 14:54:00,087 ERROR str() takes at most 1 argument (2 given)
2018-01-17 14:54:05,093 DEBUG Received PUBLISH (d0, q0, r0, m0), 'ddp/iot', ...  (601 bytes)
2018-01-17 14:54:05,093 ERROR str() takes at most 1 argument (2 given)
2018-01-17 14:54:10,087 DEBUG Received PUBLISH (d0, q0, r0, m0), 'ddp/iot', ...  (604 bytes)
2018-01-17 14:54:10,088 ERROR str() takes at most 1 argument (2 given)
2018-01-17 14:54:15,095 DEBUG Received PUBLISH (d0, q0, r0, m0), 'ddp/iot', ...  (600 bytes)
2018-01-17 14:54:15,095 ERROR str() takes at most 1 argument (2 given)
2018-01-17 14:54:20,093 DEBUG Received PUBLISH (d0, q0, r0, m0), 'ddp/iot', ...  (599 bytes)
2018-01-17 14:54:20,093 ERROR str() takes at most 1 argument (2 given)
2018-01-17 14:54:25,086 DEBUG Received PUBLISH (d0, q0, r0, m0), 'ddp/iot', ...  (598 bytes)
2018-01-17 14:54:25,087 ERROR str() takes at most 1 argument (2 given)
2018-01-17 14:54:30,092 DEBUG Received PUBLISH (d0, q0, r0, m0), 'ddp/iot', ...  (601 bytes)
2018-01-17 14:54:30,092 ERROR str() takes at most 1 argument (2 given)
2018-01-17 14:54:35,090 DEBUG Received PUBLISH (d0, q0, r0, m0), 'ddp/iot', ...  (598 bytes)
2018-01-17 14:54:35,090 ERROR str() takes at most 1 argument (2 given)
2018-01-17 14:54:40,091 DEBUG Received PUBLISH (d0, q0, r0, m0), 'ddp/iot', ...  (600 bytes)
2018-01-17 14:54:40,092 ERROR str() takes at most 1 argument (2 given)
2018-01-17 14:58:01,981 INFO mqtt broker:54.179.158.64, port:1883 
2018-01-17 14:58:02,119 DEBUG Received CONNACK (0, 0)
2018-01-17 14:58:02,188 DEBUG Received SUBACK
2018-01-17 14:58:02,255 DEBUG Received SUBACK
2018-01-17 14:58:02,361 DEBUG Received SUBACK
2018-01-17 14:58:02,361 DEBUG Received SUBACK
2018-01-17 14:58:02,361 DEBUG Received SUBACK
2018-01-17 14:58:05,087 DEBUG Received PUBLISH (d0, q0, r0, m0), 'ddp/iot', ...  (602 bytes)
2018-01-17 14:58:05,087 ERROR str() takes at most 1 argument (2 given)
2018-01-17 14:58:10,089 DEBUG Received PUBLISH (d0, q0, r0, m0), 'ddp/iot', ...  (603 bytes)
2018-01-17 14:58:10,089 ERROR str() takes at most 1 argument (2 given)
2018-01-17 14:58:15,089 DEBUG Received PUBLISH (d0, q0, r0, m0), 'ddp/iot', ...  (600 bytes)
2018-01-17 14:58:15,089 ERROR str() takes at most 1 argument (2 given)
2018-01-17 16:29:47,783 INFO mqtt broker:54.179.158.64, port:1883 
2018-01-17 16:29:47,934 DEBUG Received CONNACK (0, 0)
2018-01-17 16:29:47,934 DEBUG Sending SUBSCRIBE (d0) [(b'ddp/temp', 0)]
2018-01-17 16:29:47,935 DEBUG Sending SUBSCRIBE (d0) [(b'ddp/air', 0)]
2018-01-17 16:29:47,935 DEBUG Sending SUBSCRIBE (d0) [(b'ddp/voice', 0)]
2018-01-17 16:29:47,935 DEBUG Sending SUBSCRIBE (d0) [(b'ddp/hum', 0)]
2018-01-17 16:29:47,936 DEBUG Sending SUBSCRIBE (d0) [(b'ddp/iot', 0)]
2018-01-17 16:29:48,009 DEBUG Received SUBACK
2018-01-17 16:29:48,078 DEBUG Received SUBACK
2018-01-17 16:29:48,192 DEBUG Received SUBACK
2018-01-17 16:29:48,192 DEBUG Received SUBACK
2018-01-17 16:29:48,192 DEBUG Received SUBACK
2018-01-17 16:29:48,942 DEBUG Received PUBLISH (d0, q0, r0, m0), 'ddp/iot', ...  (601 bytes)
2018-01-17 16:29:48,943 INFO dumps {'Type': 'ddp/iot', 'Msg': [{'collectionPoint': 1, 'density': 0.9999788, 'mtime': 1516175110021, 'temperature': 6.1372333, 'velocity': 81.15971, 'wlevel': 5.825062}]}
2018-01-17 16:29:48,943 ERROR name '_id' is not defined
2018-01-17 16:29:53,941 DEBUG Received PUBLISH (d0, q0, r0, m0), 'ddp/iot', ...  (601 bytes)
2018-01-17 16:29:53,941 INFO dumps {'Type': 'ddp/iot', 'Msg': [{'collectionPoint': 1, 'density': 0.99993414, 'mtime': 1516175115019, 'temperature': 5.8925433, 'velocity': 81.72945, 'wlevel': 5.888238}]}
2018-01-17 16:29:53,941 ERROR name '_id' is not defined
2018-01-17 16:29:58,941 DEBUG Received PUBLISH (d0, q0, r0, m0), 'ddp/iot', ...  (602 bytes)
2018-01-17 16:29:58,941 INFO dumps {'Type': 'ddp/iot', 'Msg': [{'collectionPoint': 1, 'density': 0.9999176, 'mtime': 1516175120020, 'temperature': 5.9946966, 'velocity': 79.474846, 'wlevel': 5.809398}]}
2018-01-17 16:29:58,941 ERROR name '_id' is not defined
2018-01-17 16:30:03,947 DEBUG Received PUBLISH (d0, q0, r0, m0), 'ddp/iot', ...  (604 bytes)
2018-01-17 16:30:03,947 INFO dumps {'Type': 'ddp/iot', 'Msg': [{'collectionPoint': 1, 'density': 0.9999038, 'mtime': 1516175125027, 'temperature': 5.9133077, 'velocity': 83.500206, 'wlevel': 5.8717756}]}
2018-01-17 16:30:03,948 ERROR name '_id' is not defined
2018-01-17 16:30:08,941 DEBUG Received PUBLISH (d0, q0, r0, m0), 'ddp/iot', ...  (601 bytes)
2018-01-17 16:30:08,942 INFO dumps {'Type': 'ddp/iot', 'Msg': [{'collectionPoint': 1, 'density': 1.0001589, 'mtime': 1516175130019, 'temperature': 5.93132, 'velocity': 83.25646, 'wlevel': 5.8913865}]}
2018-01-17 16:30:08,942 ERROR name '_id' is not defined
2018-01-17 16:30:13,951 DEBUG Received PUBLISH (d0, q0, r0, m0), 'ddp/iot', ...  (603 bytes)
2018-01-17 16:30:13,951 INFO dumps {'Type': 'ddp/iot', 'Msg': [{'collectionPoint': 1, 'density': 1.0000018, 'mtime': 1516175135024, 'temperature': 6.0249367, 'velocity': 79.22052, 'wlevel': 5.8397193}]}
2018-01-17 16:30:13,951 ERROR name '_id' is not defined
2018-01-17 16:30:18,947 DEBUG Received PUBLISH (d0, q0, r0, m0), 'ddp/iot', ...  (603 bytes)
2018-01-17 16:30:18,947 INFO dumps {'Type': 'ddp/iot', 'Msg': [{'collectionPoint': 1, 'density': 0.99992734, 'mtime': 1516175140025, 'temperature': 6.1066017, 'velocity': 80.989334, 'wlevel': 5.840275}]}
2018-01-17 16:30:18,947 ERROR name '_id' is not defined
2018-01-17 16:30:23,941 DEBUG Received PUBLISH (d0, q0, r0, m0), 'ddp/iot', ...  (599 bytes)
2018-01-17 16:30:23,942 INFO dumps {'Type': 'ddp/iot', 'Msg': [{'collectionPoint': 1, 'density': 1.0000397, 'mtime': 1516175145020, 'temperature': 6.1402025, 'velocity': 82.04367, 'wlevel': 5.858387}]}
2018-01-17 16:30:23,942 ERROR name '_id' is not defined
2018-01-17 16:30:28,939 DEBUG Received PUBLISH (d0, q0, r0, m0), 'ddp/iot', ...  (602 bytes)
2018-01-17 16:30:28,940 INFO dumps {'Type': 'ddp/iot', 'Msg': [{'collectionPoint': 1, 'density': 1.0000834, 'mtime': 1516175150018, 'temperature': 6.048263, 'velocity': 81.47362, 'wlevel': 5.8291445}]}
2018-01-17 16:30:28,940 ERROR name '_id' is not defined
2018-01-17 16:30:33,947 DEBUG Received PUBLISH (d0, q0, r0, m0), 'ddp/iot', ...  (601 bytes)
2018-01-17 16:30:33,947 INFO dumps {'Type': 'ddp/iot', 'Msg': [{'collectionPoint': 1, 'density': 0.9998766, 'mtime': 1516175155022, 'temperature': 6.045977, 'velocity': 82.125206, 'wlevel': 5.896966}]}
2018-01-17 16:30:33,948 ERROR name '_id' is not defined
2018-01-17 16:30:38,941 DEBUG Received PUBLISH (d0, q0, r0, m0), 'ddp/iot', ...  (602 bytes)
2018-01-17 16:30:38,941 INFO dumps {'Type': 'ddp/iot', 'Msg': [{'collectionPoint': 1, 'density': 1.0001913, 'mtime': 1516175160017, 'temperature': 5.9574027, 'velocity': 81.596794, 'wlevel': 5.892874}]}
2018-01-17 16:30:38,941 ERROR name '_id' is not defined
2018-01-17 16:30:43,939 DEBUG Received PUBLISH (d0, q0, r0, m0), 'ddp/iot', ...  (602 bytes)
2018-01-17 16:30:43,940 INFO dumps {'Type': 'ddp/iot', 'Msg': [{'collectionPoint': 1, 'density': 0.9998442, 'mtime': 1516175165020, 'temperature': 6.019383, 'velocity': 79.70756, 'wlevel': 5.8024826}]}
2018-01-17 16:30:43,940 ERROR name '_id' is not defined
